{"logTime": "1029/040036", "correlationVector":"VFNTXVRXPwqwJmFS2T4yCg","action":"Commit Request", "result":"", "context":Item count: 1
Contributing types: Sessions}
{"logTime": "1029/040037", "correlationVector":"VFNTXVRXPwqwJmFS2T4yCg.1","action":"SyncServerConnectionManagerRequest", "result":"SYNC_SERVER_OK", "context":{"environment":"Prod_EastUS2_000e", "migrationStage":"NotStarted", "server":"GENERAL01000019"}}
{"logTime": "1029/040037", "correlationVector":"VFNTXVRXPwqwJmFS2T4yCg.2","action":"Commit Response", "result":"Success", "context":Result: Success. cV=VFNTXVRXPwqwJmFS2T4yCg.0;server=GENERAL01000019;cloudType=Consumer;environment=Prod_EastUS2_000e;migrationStage=NotStarted}
{"logTime": "1029/040645", "correlationVector":"tzA1RSm1K/MiPkoiD1UgIz","action":"Commit Request", "result":"", "context":Item count: 3
Contributing types: Sessions}
{"logTime": "1029/040645", "correlationVector":"tzA1RSm1K/MiPkoiD1UgIz.1","action":"SyncServerConnectionManagerRequest", "result":"SYNC_SERVER_OK", "context":{"environment":"Prod_EastUS2_000e", "migrationStage":"NotStarted", "server":"GENERAL01000007"}}
{"logTime": "1029/040645", "correlationVector":"tzA1RSm1K/MiPkoiD1UgIz.2","action":"Commit Response", "result":"Success", "context":Result: Success. cV=tzA1RSm1K/MiPkoiD1UgIz.0;server=GENERAL01000007;cloudType=Consumer;environment=Prod_EastUS2_000e;migrationStage=NotStarted}
{"logTime": "1029/040905", "correlationVector":"ER1v32rjnZPkindb6kn9FI","action":"Commit Request", "result":"", "context":Item count: 1
Contributing types: Sessions}
{"logTime": "1029/040905", "correlationVector":"ER1v32rjnZPkindb6kn9FI.1","action":"SyncServerConnectionManagerRequest", "result":"SYNC_SERVER_OK", "context":{"environment":"Prod_EastUS2_000e", "migrationStage":"NotStarted", "server":"GENERAL0100001N"}}
{"logTime": "1029/040905", "correlationVector":"ER1v32rjnZPkindb6kn9FI.2","action":"Commit Response", "result":"Success", "context":Result: Success. cV=ER1v32rjnZPkindb6kn9FI.0;server=GENERAL0100001N;cloudType=Consumer;environment=Prod_EastUS2_000e;migrationStage=NotStarted}
{"logTime": "1029/041456", "correlationVector":"MLucc2XWs3Z/LqOZ+M+isx","action":"Commit Request", "result":"", "context":Item count: 1
Contributing types: Sessions}
{"logTime": "1029/041456", "correlationVector":"MLucc2XWs3Z/LqOZ+M+isx.1","action":"SyncServerConnectionManagerRequest", "result":"SYNC_SERVER_OK", "context":{"environment":"Prod_EastUS2_000e", "migrationStage":"NotStarted", "server":"GENERAL01000011"}}
{"logTime": "1029/041456", "correlationVector":"MLucc2XWs3Z/LqOZ+M+isx.2","action":"Commit Response", "result":"Success", "context":Result: Success. cV=MLucc2XWs3Z/LqOZ+M+isx.0;server=GENERAL01000011;cloudType=Consumer;environment=Prod_EastUS2_000e;migrationStage=NotStarted}
{"logTime": "1029/041745", "correlationVector":"aXqfYiUVtdiXNIzTGvGH2/","action":"Commit Request", "result":"", "context":Item count: 1
Contributing types: Sessions}
{"logTime": "1029/041746", "correlationVector":"aXqfYiUVtdiXNIzTGvGH2/.1","action":"SyncServerConnectionManagerRequest", "result":"SYNC_SERVER_OK", "context":{"environment":"Prod_EastUS2_000e", "migrationStage":"NotStarted", "server":"GENERAL01000015"}}
{"logTime": "1029/041746", "correlationVector":"aXqfYiUVtdiXNIzTGvGH2/.2","action":"Commit Response", "result":"Success", "context":Result: Success. cV=aXqfYiUVtdiXNIzTGvGH2/.0;server=GENERAL01000015;cloudType=Consumer;environment=Prod_EastUS2_000e;migrationStage=NotStarted}
{"logTime": "1029/041816", "correlationVector":"DZ99lFWjd+oJT4cUr6lQw0","action":"Commit Request", "result":"", "context":Item count: 1
Contributing types: Sessions}
{"logTime": "1029/041816", "correlationVector":"DZ99lFWjd+oJT4cUr6lQw0.1","action":"SyncServerConnectionManagerRequest", "result":"SYNC_SERVER_OK", "context":{"environment":"Prod_EastUS2_000e", "migrationStage":"NotStarted", "server":"GENERAL0100001U"}}
{"logTime": "1029/041816", "correlationVector":"DZ99lFWjd+oJT4cUr6lQw0.2","action":"Commit Response", "result":"Success", "context":Result: Success. cV=DZ99lFWjd+oJT4cUr6lQw0.0;server=GENERAL0100001U;cloudType=Consumer;environment=Prod_EastUS2_000e;migrationStage=NotStarted}
{"logTime": "1029/041919", "correlationVector":"xbgwAbbuzlKmwFOIhsTx41","action":"Commit Request", "result":"", "context":Item count: 2
Contributing types: Typed URLs, Sessions}
{"logTime": "1029/041919", "correlationVector":"xbgwAbbuzlKmwFOIhsTx41.1","action":"SyncServerConnectionManagerRequest", "result":"SYNC_SERVER_OK", "context":{"environment":"Prod_EastUS2_000e", "migrationStage":"NotStarted", "server":"GENERAL01000004"}}
{"logTime": "1029/041919", "correlationVector":"xbgwAbbuzlKmwFOIhsTx41.2","action":"Commit Response", "result":"Success", "context":Result: Success. cV=xbgwAbbuzlKmwFOIhsTx41.0;server=GENERAL01000004;cloudType=Consumer;environment=Prod_EastUS2_000e;migrationStage=NotStarted}
{"logTime": "1030/232112", "correlationVector":"XwNt0fI1lg4UOQ1FUXZB2E","action":"Normal GetUpdate request", "result":"", "context":cV=XwNt0fI1lg4UOQ1FUXZB2E
Nudged types: Sessions, Device Info
Refresh requested types: Bookmarks, Preferences, Passwords, Autofill Profiles, Autofill, Typed URLs, Extensions, Sessions, Extension settings, History Delete Directives, Device Info, User Consents, Send Tab To Self, Web Apps, Collection, Edge E Drop, Edge Hub App Usage, Edge Tab Group, Edge Wallet, Encryption Keys}
{"logTime": "1030/232113", "correlationVector":"XwNt0fI1lg4UOQ1FUXZB2E.1","action":"SyncServerConnectionManagerRequest", "result":"SYNC_SERVER_OK", "context":{"environment":"Prod_EastUS2_000e", "migrationStage":"NotStarted", "server":"GENERAL0100000L"}}
{"logTime": "1030/232113", "correlationVector":"XwNt0fI1lg4UOQ1FUXZB2E.2","action":"GetUpdates", "result":"DeleteReceived", "context":{"id":"0c1acf9a-c4fc-4816-b9f0-7eccf60e4618", "isDeleted:":"true", "version":"1730196616616"}}
{"logTime": "1030/232113", "correlationVector":"XwNt0fI1lg4UOQ1FUXZB2E.3","action":"GetUpdates", "result":"DeleteReceived", "context":{"id":"f81c107d-defa-4a63-a32d-b97b086ff766", "isDeleted:":"true", "version":"1730196616617"}}
{"logTime": "1030/232113", "correlationVector":"XwNt0fI1lg4UOQ1FUXZB2E.4","action":"GetUpdates", "result":"DeleteReceived", "context":{"id":"5b1776a5-9a17-473a-8c83-65b4876100bf", "isDeleted:":"true", "version":"1730196616618"}}
{"logTime": "1030/232113", "correlationVector":"XwNt0fI1lg4UOQ1FUXZB2E.5","action":"GetUpdates", "result":"DeleteReceived", "context":{"id":"fe4be8ab-30b3-4c89-a71d-e6972d88a717", "isDeleted:":"true", "version":"1730196616619"}}
{"logTime": "1030/232113", "correlationVector":"XwNt0fI1lg4UOQ1FUXZB2E.6","action":"GetUpdates", "result":"DeleteReceived", "context":{"id":"9cfe171b-29cd-4fc3-96e8-a937b35b8811", "isDeleted:":"true", "version":"1730196616620"}}
{"logTime": "1030/232113", "correlationVector":"XwNt0fI1lg4UOQ1FUXZB2E.7","action":"GetUpdates", "result":"DeleteReceived", "context":{"id":"110c39db-d297-46b6-809b-ddd38944a242", "isDeleted:":"true", "version":"1730196616621"}}
{"logTime": "1030/232113", "correlationVector":"XwNt0fI1lg4UOQ1FUXZB2E.8","action":"GetUpdates", "result":"DeleteReceived", "context":{"id":"73ddea18-1585-4101-9211-b566b7a1d88d", "isDeleted:":"true", "version":"1730196616622"}}
{"logTime": "1030/232113", "correlationVector":"XwNt0fI1lg4UOQ1FUXZB2E.9","action":"GetUpdates", "result":"DeleteReceived", "context":{"id":"cbd08f6c-8fa6-418d-a320-689b8a33910f", "isDeleted:":"true", "version":"1730196616623"}}
{"logTime": "1030/232113", "correlationVector":"XwNt0fI1lg4UOQ1FUXZB2E.10","action":"GetUpdates", "result":"DeleteReceived", "context":{"id":"e2af47bf-07b5-4e5e-acd5-4f22e8f2e8c4", "isDeleted:":"true", "version":"1730196616624"}}
{"logTime": "1030/232113", "correlationVector":"XwNt0fI1lg4UOQ1FUXZB2E.11","action":"GetUpdates", "result":"DeleteReceived", "context":{"id":"80419fbc-0786-4f32-bfe0-791688bf475c", "isDeleted:":"true", "version":"1730196616625"}}
{"logTime": "1030/232113", "correlationVector":"XwNt0fI1lg4UOQ1FUXZB2E.12","action":"GetUpdates", "result":"DeleteReceived", "context":{"id":"de8f6eb3-6769-4f79-9a55-2f0c2a0159ac", "isDeleted:":"true", "version":"1730196616627"}}
{"logTime": "1030/232113", "correlationVector":"XwNt0fI1lg4UOQ1FUXZB2E.13","action":"GetUpdates", "result":"DeleteReceived", "context":{"id":"0bd5acd0-e9da-4a6b-97ef-cc3535c32b96", "isDeleted:":"true", "version":"1730196616628"}}
{"logTime": "1030/232113", "correlationVector":"XwNt0fI1lg4UOQ1FUXZB2E.14","action":"GetUpdates", "result":"DeleteReceived", "context":{"id":"ce4e37b7-0cb3-420c-9d85-8cede9acb96e", "isDeleted:":"true", "version":"1730196616629"}}
{"logTime": "1030/232113", "correlationVector":"XwNt0fI1lg4UOQ1FUXZB2E.15","action":"GetUpdates", "result":"DeleteReceived", "context":{"id":"33395ced-bf13-43c2-904c-50d3af340bb6", "isDeleted:":"true", "version":"1730196616630"}}
{"logTime": "1030/232113", "correlationVector":"XwNt0fI1lg4UOQ1FUXZB2E.16","action":"GetUpdates", "result":"DeleteReceived", "context":{"id":"a8fe030b-a493-40eb-8639-55d7a536d1be", "isDeleted:":"true", "version":"1730196616631"}}
{"logTime": "1030/232113", "correlationVector":"XwNt0fI1lg4UOQ1FUXZB2E.17","action":"GetUpdates", "result":"DeleteReceived", "context":{"id":"13b0c2eb-f70c-480e-b963-5488e4ee8ee1", "isDeleted:":"true", "version":"1730196616632"}}
{"logTime": "1030/232113", "correlationVector":"XwNt0fI1lg4UOQ1FUXZB2E.18","action":"GetUpdates", "result":"DeleteReceived", "context":{"id":"be5b3492-2796-4cf3-bb01-6a046b8527ea", "isDeleted:":"true", "version":"1730199799495"}}
{"logTime": "1030/232113", "correlationVector":"XwNt0fI1lg4UOQ1FUXZB2E.19","action":"GetUpdates", "result":"DeleteReceived", "context":{"id":"c7e2a85b-81c3-49c6-accd-b1560e5e0b8a", "isDeleted:":"true", "version":"1730199799497"}}
{"logTime": "1030/232113", "correlationVector":"XwNt0fI1lg4UOQ1FUXZB2E.20","action":"GetUpdates", "result":"DeleteReceived", "context":{"id":"9dbbf53f-5ca8-4edc-9629-0707aaeccc01", "isDeleted:":"true", "version":"1730200979938"}}
{"logTime": "1030/232113", "correlationVector":"XwNt0fI1lg4UOQ1FUXZB2E.21","action":"GetUpdates", "result":"DeleteReceived", "context":{"id":"59e94f8a-3056-4cb7-8bfe-853c20ee3926", "isDeleted:":"true", "version":"1730202099003"}}
{"logTime": "1030/232113", "correlationVector":"XwNt0fI1lg4UOQ1FUXZB2E.22","action":"GetUpdates", "result":"DeleteReceived", "context":{"id":"54a639d2-f638-4927-b002-3c123eebef98", "isDeleted:":"true", "version":"1730202099005"}}
{"logTime": "1030/232113", "correlationVector":"XwNt0fI1lg4UOQ1FUXZB2E.23","action":"GetUpdates", "result":"DeleteReceived", "context":{"id":"e4f29b80-b972-48aa-8ca7-2e02f857cc0c", "isDeleted:":"true", "version":"1730202099006"}}
{"logTime": "1030/232113", "correlationVector":"XwNt0fI1lg4UOQ1FUXZB2E.24","action":"GetUpdates", "result":"DeleteReceived", "context":{"id":"0075e6df-38a5-4a8d-968b-f2e875115168", "isDeleted:":"true", "version":"1730202099007"}}
{"logTime": "1030/232113", "correlationVector":"XwNt0fI1lg4UOQ1FUXZB2E.25","action":"GetUpdates", "result":"DeleteReceived", "context":{"id":"e70ddc4a-e39b-4273-8bfd-8e15698a8c6e", "isDeleted:":"true", "version":"1730202099010"}}
{"logTime": "1030/232113", "correlationVector":"XwNt0fI1lg4UOQ1FUXZB2E.26","action":"GetUpdates", "result":"DeleteReceived", "context":{"id":"d3a6c3a0-ed4d-42e8-a477-35fc48db8aa8", "isDeleted:":"true", "version":"1730202099011"}}
{"logTime": "1030/232113", "correlationVector":"XwNt0fI1lg4UOQ1FUXZB2E.27","action":"GetUpdates", "result":"DeleteReceived", "context":{"id":"cd191e9d-d6a0-46d8-b3c8-f5750be59d93", "isDeleted:":"true", "version":"1730202099012"}}
{"logTime": "1030/232113", "correlationVector":"XwNt0fI1lg4UOQ1FUXZB2E.28","action":"GetUpdates", "result":"DeleteReceived", "context":{"id":"5274c77d-83d4-44d1-857a-a95c8648e600", "isDeleted:":"true", "version":"1730202099013"}}
{"logTime": "1030/232113", "correlationVector":"XwNt0fI1lg4UOQ1FUXZB2E.29","action":"GetUpdates", "result":"DeleteReceived", "context":{"id":"50ea502d-e305-45cb-8108-338cb897c44b", "isDeleted:":"true", "version":"1730202099014"}}
{"logTime": "1030/232113", "correlationVector":"XwNt0fI1lg4UOQ1FUXZB2E.30","action":"GetUpdates", "result":"DeleteReceived", "context":{"id":"04241fd3-7422-4895-a1d9-c6fc864c5fb5", "isDeleted:":"true", "version":"1730202099015"}}
{"logTime": "1030/232113", "correlationVector":"XwNt0fI1lg4UOQ1FUXZB2E.31","action":"GetUpdates", "result":"DeleteReceived", "context":{"id":"96340f56-ce76-45a5-9bd6-e988b625ccf2", "isDeleted:":"true", "version":"1730202968922"}}
{"logTime": "1030/232113", "correlationVector":"XwNt0fI1lg4UOQ1FUXZB2E.32","action":"GetUpdates", "result":"DeleteReceived", "context":{"id":"f3d7e376-726e-4f02-a862-451a402ad4c4", "isDeleted:":"true", "version":"1730202968924"}}
{"logTime": "1030/232113", "correlationVector":"XwNt0fI1lg4UOQ1FUXZB2E.33","action":"GetUpdates", "result":"DeleteReceived", "context":{"id":"5d9001e6-5f3a-40e6-bb2a-de0dcaaf73dc", "isDeleted:":"true", "version":"1730202968925"}}
{"logTime": "1030/232113", "correlationVector":"XwNt0fI1lg4UOQ1FUXZB2E.34","action":"GetUpdates", "result":"DeleteReceived", "context":{"id":"9b8686e3-1084-4b57-9fe4-d303a70f713e", "isDeleted:":"true", "version":"1730205483221"}}
{"logTime": "1030/232113", "correlationVector":"XwNt0fI1lg4UOQ1FUXZB2E.35","action":"GetUpdates", "result":"DeleteReceived", "context":{"id":"7d58803e-7991-4e68-a039-d58b7b7aeccf", "isDeleted:":"true", "version":"1730205483223"}}
{"logTime": "1030/232113", "correlationVector":"XwNt0fI1lg4UOQ1FUXZB2E.36","action":"GetUpdates", "result":"DeleteReceived", "context":{"id":"42dda5d2-15bd-41b9-9702-f9724d14d35d", "isDeleted:":"true", "version":"1730205522950"}}
{"logTime": "1030/232113", "correlationVector":"XwNt0fI1lg4UOQ1FUXZB2E.37","action":"GetUpdates", "result":"DeleteReceived", "context":{"id":"01706eba-6caa-4656-8d38-496a4d327799", "isDeleted:":"true", "version":"1730211088075"}}
{"logTime": "1030/232113", "correlationVector":"XwNt0fI1lg4UOQ1FUXZB2E.38","action":"GetUpdates", "result":"DeleteReceived", "context":{"id":"b69f8a7a-0dfc-44b6-ac5b-2d3e78f13868", "isDeleted:":"true", "version":"1730211219326"}}
{"logTime": "1030/232113", "correlationVector":"XwNt0fI1lg4UOQ1FUXZB2E.39","action":"GetUpdates", "result":"DeleteReceived", "context":{"id":"da855ee7-2c5b-491e-bbee-5d4de1109d2c", "isDeleted:":"true", "version":"1730211394578"}}
{"logTime": "1030/232113", "correlationVector":"XwNt0fI1lg4UOQ1FUXZB2E.40","action":"GetUpdates", "result":"DeleteReceived", "context":{"id":"9685cb1a-9cab-49a6-9da7-400d54beddb1", "isDeleted:":"true", "version":"1730211429218"}}
{"logTime": "1030/232113", "correlationVector":"XwNt0fI1lg4UOQ1FUXZB2E.41","action":"GetUpdates", "result":"DeleteReceived", "context":{"id":"f05d7c53-1b35-4226-9ec4-fdbfdd0c984b", "isDeleted:":"true", "version":"1730212807716"}}
{"logTime": "1030/232113", "correlationVector":"XwNt0fI1lg4UOQ1FUXZB2E.42","action":"GetUpdates", "result":"DeleteReceived", "context":{"id":"195b67b3-cb1d-4afe-9ef4-dae747b61c36", "isDeleted:":"true", "version":"1730212807718"}}
{"logTime": "1030/232113", "correlationVector":"XwNt0fI1lg4UOQ1FUXZB2E.43","action":"GetUpdates", "result":"DeleteReceived", "context":{"id":"a80b951b-75cf-4e1d-a6c8-e7889d74ce1a", "isDeleted:":"true", "version":"1730212807719"}}
{"logTime": "1030/232113", "correlationVector":"XwNt0fI1lg4UOQ1FUXZB2E.44","action":"GetUpdates", "result":"DeleteReceived", "context":{"id":"67cd69ee-efe5-411c-a173-f2cd316353a5", "isDeleted:":"true", "version":"1730212807720"}}
{"logTime": "1030/232113", "correlationVector":"XwNt0fI1lg4UOQ1FUXZB2E.45","action":"GetUpdates", "result":"DeleteReceived", "context":{"id":"fd8ca086-8ad4-4272-be3d-96fdbfdf6473", "isDeleted:":"true", "version":"1730212976509"}}
{"logTime": "1030/232113", "correlationVector":"XwNt0fI1lg4UOQ1FUXZB2E.46","action":"GetUpdates", "result":"DeleteReceived", "context":{"id":"f033288e-b3ee-44e7-a5f3-0efa31fc65a1", "isDeleted:":"true", "version":"1730213044618"}}
{"logTime": "1030/232113", "correlationVector":"XwNt0fI1lg4UOQ1FUXZB2E.47","action":"GetUpdates", "result":"DeleteReceived", "context":{"id":"e219296c-02e4-4cd3-88ff-2263b429fcf6", "isDeleted:":"true", "version":"1730213044619"}}
{"logTime": "1030/232113", "correlationVector":"XwNt0fI1lg4UOQ1FUXZB2E.48","action":"GetUpdates", "result":"DeleteReceived", "context":{"id":"fb279194-7ae5-402a-a15b-c3bb9c301a1b", "isDeleted:":"true", "version":"1730219170141"}}
{"logTime": "1030/232113", "correlationVector":"XwNt0fI1lg4UOQ1FUXZB2E.49","action":"GetUpdates", "result":"DeleteReceived", "context":{"id":"25ec6e9a-2578-4f1c-aa51-6bf32b17b809", "isDeleted:":"true", "version":"1730219976362"}}
{"logTime": "1030/232113", "correlationVector":"XwNt0fI1lg4UOQ1FUXZB2E.50","action":"GetUpdates", "result":"DeleteReceived", "context":{"id":"edfb1f95-de00-467b-8f04-3ad02ce2b683", "isDeleted:":"true", "version":"1730220092082"}}
{"logTime": "1030/232113", "correlationVector":"XwNt0fI1lg4UOQ1FUXZB2E.51","action":"GetUpdates", "result":"DeleteReceived", "context":{"id":"42f8ad75-2934-44ed-a06f-a10cbdd5a586", "isDeleted:":"true", "version":"1730220185504"}}
{"logTime": "1030/232113", "correlationVector":"XwNt0fI1lg4UOQ1FUXZB2E.52","action":"GetUpdates", "result":"DeleteReceived", "context":{"id":"f1dd1a7d-5807-4592-964d-2b8724424d8b", "isDeleted:":"true", "version":"1730220379942"}}
{"logTime": "1030/232113", "correlationVector":"XwNt0fI1lg4UOQ1FUXZB2E.53","action":"GetUpdates", "result":"DeleteReceived", "context":{"id":"5e969d06-c1ad-4c5a-9181-1a0270b8eb2f", "isDeleted:":"true", "version":"1730220379943"}}
{"logTime": "1030/232113", "correlationVector":"XwNt0fI1lg4UOQ1FUXZB2E.54","action":"GetUpdates", "result":"DeleteReceived", "context":{"id":"a255bb93-c698-4150-84a9-a36749a17219", "isDeleted:":"true", "version":"1730220379945"}}
{"logTime": "1030/232113", "correlationVector":"XwNt0fI1lg4UOQ1FUXZB2E.55","action":"GetUpdates", "result":"DeleteReceived", "context":{"id":"8b67a49e-ea6d-4cb6-ab90-be168de06b3d", "isDeleted:":"true", "version":"1730220379946"}}
{"logTime": "1030/232113", "correlationVector":"XwNt0fI1lg4UOQ1FUXZB2E.56","action":"GetUpdates", "result":"DeleteReceived", "context":{"id":"11b9fa84-1f56-4a3d-a2bf-2bfcf4ff9f4d", "isDeleted:":"true", "version":"1730220379947"}}
{"logTime": "1030/232113", "correlationVector":"XwNt0fI1lg4UOQ1FUXZB2E.57","action":"GetUpdates", "result":"DeleteReceived", "context":{"id":"16da239b-9a25-4198-b6cf-59077a7c2951", "isDeleted:":"true", "version":"1730220379949"}}
{"logTime": "1030/232113", "correlationVector":"XwNt0fI1lg4UOQ1FUXZB2E.58","action":"GetUpdates", "result":"DeleteReceived", "context":{"id":"a4a791d3-7d80-412e-8d24-c145c7fb2654", "isDeleted:":"true", "version":"1730220379950"}}
{"logTime": "1030/232113", "correlationVector":"XwNt0fI1lg4UOQ1FUXZB2E.59","action":"GetUpdates", "result":"DeleteReceived", "context":{"id":"d8e45ce7-b537-44da-be87-9094acce74d5", "isDeleted:":"true", "version":"1730220379951"}}
{"logTime": "1030/232113", "correlationVector":"XwNt0fI1lg4UOQ1FUXZB2E.60","action":"GetUpdates", "result":"DeleteReceived", "context":{"id":"be3dc430-e419-4e04-85f3-38b01467df25", "isDeleted:":"true", "version":"1730220379952"}}
{"logTime": "1030/232113", "correlationVector":"XwNt0fI1lg4UOQ1FUXZB2E.61","action":"GetUpdates", "result":"DeleteReceived", "context":{"id":"8bf79c15-a3c9-4dc3-b802-922a6bdf8863", "isDeleted:":"true", "version":"1730220381250"}}
{"logTime": "1030/232113", "correlationVector":"XwNt0fI1lg4UOQ1FUXZB2E.62","action":"GetUpdates", "result":"DeleteReceived", "context":{"id":"19136f24-a9d7-4549-a9c8-8fa4e8891e05", "isDeleted:":"true", "version":"1730220381251"}}
{"logTime": "1030/232113", "correlationVector":"XwNt0fI1lg4UOQ1FUXZB2E.63","action":"GetUpdates", "result":"DeleteReceived", "context":{"id":"59d173e3-ea20-457d-9f87-07cd95de3dee", "isDeleted:":"true", "version":"1730220381254"}}
{"logTime": "1030/232113", "correlationVector":"XwNt0fI1lg4UOQ1FUXZB2E.64","action":"GetUpdates", "result":"DeleteReceived", "context":{"id":"6d9e5761-7346-43cd-95a7-5ee44f0fb50c", "isDeleted:":"true", "version":"1730220381258"}}
{"logTime": "1030/232113", "correlationVector":"XwNt0fI1lg4UOQ1FUXZB2E.65","action":"GetUpdates", "result":"DeleteReceived", "context":{"id":"81f00985-561c-4b7a-b7cd-bd87498adbbb", "isDeleted:":"true", "version":"1730220382205"}}
{"logTime": "1030/232113", "correlationVector":"XwNt0fI1lg4UOQ1FUXZB2E.66","action":"GetUpdates", "result":"DeleteReceived", "context":{"id":"f20fb20e-5c4a-46c4-8bc7-824d7f4328e6", "isDeleted:":"true", "version":"1730220382206"}}
{"logTime": "1030/232113", "correlationVector":"XwNt0fI1lg4UOQ1FUXZB2E.67","action":"GetUpdates", "result":"DeleteReceived", "context":{"id":"700c5aca-e8c5-4972-82d4-c7e25fcce4d8", "isDeleted:":"true", "version":"1730220382207"}}
{"logTime": "1030/232113", "correlationVector":"XwNt0fI1lg4UOQ1FUXZB2E.68","action":"GetUpdates", "result":"DeleteReceived", "context":{"id":"cec6b0e5-af77-4122-aace-8fd2d3f2bb9d", "isDeleted:":"true", "version":"1730220382208"}}
{"logTime": "1030/232113", "correlationVector":"XwNt0fI1lg4UOQ1FUXZB2E.69","action":"GetUpdates", "result":"DeleteReceived", "context":{"id":"34f75768-1b0c-496b-b547-cd41e1798cec", "isDeleted:":"true", "version":"1730220383195"}}
{"logTime": "1030/232113", "correlationVector":"XwNt0fI1lg4UOQ1FUXZB2E.70","action":"GetUpdates", "result":"DeleteReceived", "context":{"id":"20e607ba-5659-499c-8cfe-ff33e14783ec", "isDeleted:":"true", "version":"1730220383198"}}
{"logTime": "1030/232113", "correlationVector":"XwNt0fI1lg4UOQ1FUXZB2E.71","action":"GetUpdates", "result":"DeleteReceived", "context":{"id":"e043ecf9-ccdc-4b1c-ad9f-2ba1095b7115", "isDeleted:":"true", "version":"1730220427158"}}
{"logTime": "1030/232113", "correlationVector":"XwNt0fI1lg4UOQ1FUXZB2E.72","action":"GetUpdates", "result":"DeleteReceived", "context":{"id":"5d99b9ec-56b9-40b8-9eb6-5279929448a3", "isDeleted:":"true", "version":"1730220427159"}}
{"logTime": "1030/232113", "correlationVector":"XwNt0fI1lg4UOQ1FUXZB2E.73","action":"GetUpdates", "result":"DeleteReceived", "context":{"id":"5679eb10-6411-4abb-896f-e38548e0d9a5", "isDeleted:":"true", "version":"1730220427160"}}
{"logTime": "1030/232113", "correlationVector":"XwNt0fI1lg4UOQ1FUXZB2E.74","action":"GetUpdates", "result":"DeleteReceived", "context":{"id":"63960f99-2bbb-4fd1-8972-7b840e0e5e40", "isDeleted:":"true", "version":"1730220427161"}}
{"logTime": "1030/232113", "correlationVector":"XwNt0fI1lg4UOQ1FUXZB2E.75","action":"GetUpdates", "result":"DeleteReceived", "context":{"id":"ee368cae-7fd6-492a-a2b2-57e6a8f6a4a0", "isDeleted:":"true", "version":"1730220427162"}}
{"logTime": "1030/232113", "correlationVector":"XwNt0fI1lg4UOQ1FUXZB2E.76","action":"GetUpdates", "result":"DeleteReceived", "context":{"id":"0f1cf7d9-6ad1-4742-bfc5-c7f27667d340", "isDeleted:":"true", "version":"1730220427164"}}
{"logTime": "1030/232113", "correlationVector":"XwNt0fI1lg4UOQ1FUXZB2E.77","action":"GetUpdates", "result":"DeleteReceived", "context":{"id":"68f789b2-1b39-4140-8a30-ea251db0439f", "isDeleted:":"true", "version":"1730220427166"}}
{"logTime": "1030/232113", "correlationVector":"XwNt0fI1lg4UOQ1FUXZB2E.78","action":"GetUpdates", "result":"DeleteReceived", "context":{"id":"e3c40e26-ad6b-4d61-9e36-8bf2d7d3a5a2", "isDeleted:":"true", "version":"1730220427167"}}
{"logTime": "1030/232113", "correlationVector":"XwNt0fI1lg4UOQ1FUXZB2E.79","action":"GetUpdates", "result":"DeleteReceived", "context":{"id":"5bee3cff-7001-4f5f-b986-4706f975c3e6", "isDeleted:":"true", "version":"1730220429446"}}
{"logTime": "1030/232113", "correlationVector":"XwNt0fI1lg4UOQ1FUXZB2E.80","action":"GetUpdates", "result":"DeleteReceived", "context":{"id":"ffe0420b-798a-4139-8b2e-bdc9da181ca7", "isDeleted:":"true", "version":"1730220429448"}}
{"logTime": "1030/232113", "correlationVector":"XwNt0fI1lg4UOQ1FUXZB2E.81","action":"GetUpdates", "result":"DeleteReceived", "context":{"id":"8f58a63e-720a-4a66-8e4f-5b9ee1be4da5", "isDeleted:":"true", "version":"1730220429449"}}
{"logTime": "1030/232113", "correlationVector":"XwNt0fI1lg4UOQ1FUXZB2E.82","action":"GetUpdates", "result":"DeleteReceived", "context":{"id":"1511a07b-9865-4c16-9974-80332505f86b", "isDeleted:":"true", "version":"1730220429450"}}
{"logTime": "1030/232113", "correlationVector":"XwNt0fI1lg4UOQ1FUXZB2E.83","action":"GetUpdates", "result":"DeleteReceived", "context":{"id":"f54f0a59-df51-4091-abf8-815d329747cc", "isDeleted:":"true", "version":"1730220434799"}}
{"logTime": "1030/232113", "correlationVector":"XwNt0fI1lg4UOQ1FUXZB2E.84","action":"GetUpdates", "result":"DeleteReceived", "context":{"id":"cd1133c4-6df7-4045-9fe3-6942927a8094", "isDeleted:":"true", "version":"1730220512501"}}
{"logTime": "1030/232113", "correlationVector":"XwNt0fI1lg4UOQ1FUXZB2E.85","action":"GetUpdates", "result":"DeleteReceived", "context":{"id":"a334aca6-1edd-4045-b620-2d3e998841df", "isDeleted:":"true", "version":"1730220597721"}}
{"logTime": "1030/232113", "correlationVector":"XwNt0fI1lg4UOQ1FUXZB2E.86","action":"GetUpdates", "result":"DeleteReceived", "context":{"id":"73784dc4-6430-4f7b-a0a0-560bc6895fc6", "isDeleted:":"true", "version":"1730220597722"}}
{"logTime": "1030/232113", "correlationVector":"XwNt0fI1lg4UOQ1FUXZB2E.87","action":"GetUpdates", "result":"DeleteReceived", "context":{"id":"fffb8d28-8c6f-4609-ac81-460a7e17eb28", "isDeleted:":"true", "version":"1730223739774"}}
{"logTime": "1030/232113", "correlationVector":"XwNt0fI1lg4UOQ1FUXZB2E.88","action":"GetUpdates", "result":"DeleteReceived", "context":{"id":"b5557f9b-edc0-4c19-884f-f0a1bb1d3358", "isDeleted:":"true", "version":"1730224026423"}}
{"logTime": "1030/232113", "correlationVector":"XwNt0fI1lg4UOQ1FUXZB2E.89","action":"GetUpdates", "result":"DeleteReceived", "context":{"id":"3f29734a-1b45-4977-b075-a1bb3237c429", "isDeleted:":"true", "version":"1730224026424"}}
{"logTime": "1030/232113", "correlationVector":"XwNt0fI1lg4UOQ1FUXZB2E.90","action":"GetUpdates", "result":"DeleteReceived", "context":{"id":"8162d508-471d-441c-9945-86bdc21c3fc4", "isDeleted:":"true", "version":"1730224026426"}}
{"logTime": "1030/232113", "correlationVector":"XwNt0fI1lg4UOQ1FUXZB2E.91","action":"GetUpdates", "result":"DeleteReceived", "context":{"id":"058cc501-a19f-411f-8290-edcd7eb7bfc2", "isDeleted:":"true", "version":"1730224026427"}}
{"logTime": "1030/232113", "correlationVector":"XwNt0fI1lg4UOQ1FUXZB2E.92","action":"GetUpdates", "result":"DeleteReceived", "context":{"id":"ef9e3b8b-9a47-4080-8c39-1c3df1e4bb7b", "isDeleted:":"true", "version":"1730224026429"}}
{"logTime": "1030/232113", "correlationVector":"XwNt0fI1lg4UOQ1FUXZB2E.93","action":"GetUpdates", "result":"DeleteReceived", "context":{"id":"ff467f88-c975-4097-845a-5c5c9cec9288", "isDeleted:":"true", "version":"1730224026430"}}
{"logTime": "1030/232113", "correlationVector":"XwNt0fI1lg4UOQ1FUXZB2E.94","action":"GetUpdates", "result":"DeleteReceived", "context":{"id":"e193c2a4-8f28-4132-ace1-c7222705578f", "isDeleted:":"true", "version":"1730224026431"}}
{"logTime": "1030/232113", "correlationVector":"XwNt0fI1lg4UOQ1FUXZB2E.95","action":"GetUpdates", "result":"DeleteReceived", "context":{"id":"9c6d28cb-c8eb-429c-9d39-9e191b096b9d", "isDeleted:":"true", "version":"1730224201587"}}
{"logTime": "1030/232113", "correlationVector":"XwNt0fI1lg4UOQ1FUXZB2E.96","action":"GetUpdates", "result":"DeleteReceived", "context":{"id":"f75098f3-13fa-458b-8799-5f4c44e02cd8", "isDeleted:":"true", "version":"1730229213823"}}
{"logTime": "1030/232113", "correlationVector":"XwNt0fI1lg4UOQ1FUXZB2E.97","action":"GetUpdates", "result":"DeleteReceived", "context":{"id":"f0e81504-489b-43fe-8cb5-8ce3cdb6915b", "isDeleted:":"true", "version":"1730230877624"}}
{"logTime": "1030/232113", "correlationVector":"XwNt0fI1lg4UOQ1FUXZB2E.98","action":"GetUpdates", "result":"DeleteReceived", "context":{"id":"2c0cdce0-24f5-4119-b5bb-5706687f7fa4", "isDeleted:":"true", "version":"1730230908041"}}
{"logTime": "1030/232113", "correlationVector":"XwNt0fI1lg4UOQ1FUXZB2E.99","action":"GetUpdates", "result":"DeleteReceived", "context":{"id":"2763184e-d060-4349-8181-e854363aa132", "isDeleted:":"true", "version":"1730232271248"}}
{"logTime": "1030/232113", "correlationVector":"XwNt0fI1lg4UOQ1FUXZB2E.100","action":"GetUpdates", "result":"DeleteReceived", "context":{"id":"d66e19b6-3ecf-4ab6-97c4-74f340be3776", "isDeleted:":"true", "version":"1730234165343"}}
{"logTime": "1030/232113", "correlationVector":"XwNt0fI1lg4UOQ1FUXZB2E.101","action":"GetUpdates", "result":"DeleteReceived", "context":{"id":"44fd40bb-7ed7-4b1b-b35b-f06d6c2faef1", "isDeleted:":"true", "version":"1730235417457"}}
{"logTime": "1030/232113", "correlationVector":"XwNt0fI1lg4UOQ1FUXZB2E.102","action":"GetUpdates", "result":"DeleteReceived", "context":{"id":"0ad69adc-7c23-47c9-ac74-d82fe5569901", "isDeleted:":"true", "version":"1730235417462"}}
{"logTime": "1030/232113", "correlationVector":"XwNt0fI1lg4UOQ1FUXZB2E.103","action":"GetUpdates", "result":"DeleteReceived", "context":{"id":"5f7e113c-822f-431c-acb1-940da64242f6", "isDeleted:":"true", "version":"1730283891232"}}
{"logTime": "1030/232113", "correlationVector":"XwNt0fI1lg4UOQ1FUXZB2E.104","action":"GetUpdates", "result":"DeleteReceived", "context":{"id":"2c65441b-08bb-4b23-b47c-1a6b742afb41", "isDeleted:":"true", "version":"1730283891233"}}
{"logTime": "1030/232113", "correlationVector":"XwNt0fI1lg4UOQ1FUXZB2E.105","action":"GetUpdates", "result":"DeleteReceived", "context":{"id":"10a50b73-4ed2-4cf8-be23-38795f5d4d06", "isDeleted:":"true", "version":"1730283891234"}}
{"logTime": "1030/232113", "correlationVector":"XwNt0fI1lg4UOQ1FUXZB2E.106","action":"GetUpdates", "result":"DeleteReceived", "context":{"id":"81930096-52b5-4a44-83b6-3bd8b94192fd", "isDeleted:":"true", "version":"1730283891235"}}
{"logTime": "1030/232113", "correlationVector":"XwNt0fI1lg4UOQ1FUXZB2E.107","action":"GetUpdates", "result":"DeleteReceived", "context":{"id":"9b4be34f-58b4-4b1d-adcf-fd099ff94b97", "isDeleted:":"true", "version":"1730283891236"}}
{"logTime": "1030/232113", "correlationVector":"XwNt0fI1lg4UOQ1FUXZB2E.108","action":"GetUpdates", "result":"DeleteReceived", "context":{"id":"78b1adf3-cff3-4164-a839-8f34b3283aa9", "isDeleted:":"true", "version":"1730283891238"}}
{"logTime": "1030/232113", "correlationVector":"XwNt0fI1lg4UOQ1FUXZB2E.109","action":"GetUpdates", "result":"DeleteReceived", "context":{"id":"3b1958a5-9d00-437a-9b7f-319621501e20", "isDeleted:":"true", "version":"1730283891239"}}
{"logTime": "1030/232113", "correlationVector":"XwNt0fI1lg4UOQ1FUXZB2E.110","action":"GetUpdates", "result":"DeleteReceived", "context":{"id":"c180e420-cf09-44fc-bdcb-308fa9a5e72e", "isDeleted:":"true", "version":"1730283891240"}}
{"logTime": "1030/232113", "correlationVector":"XwNt0fI1lg4UOQ1FUXZB2E.111","action":"GetUpdates", "result":"DeleteReceived", "context":{"id":"f539f250-8cdf-498e-9e0c-409e1989b559", "isDeleted:":"true", "version":"1730283891241"}}
{"logTime": "1030/232113", "correlationVector":"XwNt0fI1lg4UOQ1FUXZB2E.112","action":"GetUpdates", "result":"DeleteReceived", "context":{"id":"02fd992f-02fd-41ee-a6b4-3e76090bf878", "isDeleted:":"true", "version":"1730283891242"}}
{"logTime": "1030/232113", "correlationVector":"XwNt0fI1lg4UOQ1FUXZB2E.113","action":"GetUpdates", "result":"DeleteReceived", "context":{"id":"c3d5dc4f-22b4-405e-9cd2-d47de76c1a07", "isDeleted:":"true", "version":"1730283891243"}}
{"logTime": "1030/232113", "correlationVector":"XwNt0fI1lg4UOQ1FUXZB2E.114","action":"GetUpdates", "result":"DeleteReceived", "context":{"id":"d80d07ff-780e-47a2-9415-9a941d237c38", "isDeleted:":"true", "version":"1730283891244"}}
{"logTime": "1030/232113", "correlationVector":"XwNt0fI1lg4UOQ1FUXZB2E.115","action":"GetUpdates", "result":"DeleteReceived", "context":{"id":"be20963b-f81f-4225-8769-e2f85e50a8ea", "isDeleted:":"true", "version":"1730284602565"}}
{"logTime": "1030/232113", "correlationVector":"XwNt0fI1lg4UOQ1FUXZB2E.116","action":"GetUpdates", "result":"DeleteReceived", "context":{"id":"cf75f5aa-7df4-4557-9704-10d91b7f7d2c", "isDeleted:":"true", "version":"1730284672398"}}
{"logTime": "1030/232113", "correlationVector":"XwNt0fI1lg4UOQ1FUXZB2E.117","action":"GetUpdates", "result":"DeleteReceived", "context":{"id":"66c15280-e315-4556-8b1d-9410b3425564", "isDeleted:":"true", "version":"1730284672400"}}
{"logTime": "1030/232113", "correlationVector":"XwNt0fI1lg4UOQ1FUXZB2E.118","action":"GetUpdates", "result":"DeleteReceived", "context":{"id":"0000113d-bf96-432b-9d79-bd65ffab541c", "isDeleted:":"true", "version":"1730284726520"}}
{"logTime": "1030/232113", "correlationVector":"XwNt0fI1lg4UOQ1FUXZB2E.119","action":"GetUpdates", "result":"DeleteReceived", "context":{"id":"aec2ac26-aa1e-4bb1-a9ef-bffabdbae48e", "isDeleted:":"true", "version":"1730285129226"}}
{"logTime": "1030/232113", "correlationVector":"XwNt0fI1lg4UOQ1FUXZB2E.120","action":"GetUpdates", "result":"DeleteReceived", "context":{"id":"71191d36-a6e5-4421-a1ee-7f2a2409113f", "isDeleted:":"true", "version":"1730285129228"}}
{"logTime": "1030/232113", "correlationVector":"XwNt0fI1lg4UOQ1FUXZB2E.121","action":"GetUpdates", "result":"DeleteReceived", "context":{"id":"a2fe6bab-a920-4194-8a1a-8b86b944d6fd", "isDeleted:":"true", "version":"1730285235161"}}
{"logTime": "1030/232113", "correlationVector":"XwNt0fI1lg4UOQ1FUXZB2E.122","action":"GetUpdates", "result":"DeleteReceived", "context":{"id":"4419eaab-643a-4182-a9a4-d4b0f30fd5bb", "isDeleted:":"true", "version":"1730285709605"}}
{"logTime": "1030/232113", "correlationVector":"XwNt0fI1lg4UOQ1FUXZB2E.123","action":"GetUpdates", "result":"DeleteReceived", "context":{"id":"01949db2-d796-4be7-9b6c-b264bf8a5ba3", "isDeleted:":"true", "version":"1730285709606"}}
{"logTime": "1030/232113", "correlationVector":"XwNt0fI1lg4UOQ1FUXZB2E.124","action":"GetUpdates", "result":"DeleteReceived", "context":{"id":"7c18e619-f999-439c-ae53-5fb954ae1733", "isDeleted:":"true", "version":"1730285709607"}}
{"logTime": "1030/232113", "correlationVector":"XwNt0fI1lg4UOQ1FUXZB2E.125","action":"GetUpdates", "result":"DeleteReceived", "context":{"id":"b437ff73-1925-4a95-9301-928a7ba3e90a", "isDeleted:":"true", "version":"1730285709608"}}
{"logTime": "1030/232113", "correlationVector":"XwNt0fI1lg4UOQ1FUXZB2E.126","action":"GetUpdates", "result":"DeleteReceived", "context":{"id":"fc697550-618d-4fda-97de-665e68af81e9", "isDeleted:":"true", "version":"1730285709609"}}
{"logTime": "1030/232113", "correlationVector":"XwNt0fI1lg4UOQ1FUXZB2E.127","action":"GetUpdates", "result":"DeleteReceived", "context":{"id":"5eb35e26-9146-4f8d-a942-b95013270e4a", "isDeleted:":"true", "version":"1730285709610"}}
{"logTime": "1030/232113", "correlationVector":"XwNt0fI1lg4UOQ1FUXZB2E.128","action":"GetUpdates", "result":"DeleteReceived", "context":{"id":"532d3f39-f838-45a2-820c-2475a8e02c51", "isDeleted:":"true", "version":"1730285709611"}}
{"logTime": "1030/232113", "correlationVector":"XwNt0fI1lg4UOQ1FUXZB2E.129","action":"GetUpdates", "result":"DeleteReceived", "context":{"id":"0dd0880e-2c05-42fc-bf72-9623a4c6b4c6", "isDeleted:":"true", "version":"1730285709612"}}
{"logTime": "1030/232113", "correlationVector":"XwNt0fI1lg4UOQ1FUXZB2E.130","action":"GetUpdates", "result":"DeleteReceived", "context":{"id":"3c86e3cb-810d-40c7-b6a2-621cc9188ae4", "isDeleted:":"true", "version":"1730285709613"}}
{"logTime": "1030/232113", "correlationVector":"XwNt0fI1lg4UOQ1FUXZB2E.131","action":"GetUpdates", "result":"DeleteReceived", "context":{"id":"bd63d6be-098e-4db5-bd8f-0bd0093abc43", "isDeleted:":"true", "version":"1730285709615"}}
{"logTime": "1030/232113", "correlationVector":"XwNt0fI1lg4UOQ1FUXZB2E.132","action":"GetUpdates", "result":"DeleteReceived", "context":{"id":"2a7cdf54-19d2-45e4-bf6e-9c4bd3bfec8b", "isDeleted:":"true", "version":"1730285709616"}}
{"logTime": "1030/232113", "correlationVector":"XwNt0fI1lg4UOQ1FUXZB2E.133","action":"GetUpdates", "result":"DeleteReceived", "context":{"id":"e494859e-3912-447a-88d1-00141be653dd", "isDeleted:":"true", "version":"1730285709617"}}
{"logTime": "1030/232113", "correlationVector":"XwNt0fI1lg4UOQ1FUXZB2E.134","action":"GetUpdates", "result":"DeleteReceived", "context":{"id":"66125533-9a44-42d6-9d8e-4b336bade898", "isDeleted:":"true", "version":"1730285709618"}}
{"logTime": "1030/232113", "correlationVector":"XwNt0fI1lg4UOQ1FUXZB2E.135","action":"GetUpdates", "result":"DeleteReceived", "context":{"id":"01bafb89-047c-4ac5-80c8-291bd773f652", "isDeleted:":"true", "version":"1730285709619"}}
{"logTime": "1030/232113", "correlationVector":"XwNt0fI1lg4UOQ1FUXZB2E.136","action":"GetUpdates", "result":"DeleteReceived", "context":{"id":"4e9a6d7b-d238-4293-b663-e5558d55d712", "isDeleted:":"true", "version":"1730285709620"}}
{"logTime": "1030/232113", "correlationVector":"XwNt0fI1lg4UOQ1FUXZB2E.137","action":"GetUpdates", "result":"DeleteReceived", "context":{"id":"2d46eb82-062e-4bab-9368-a51bad1f899a", "isDeleted:":"true", "version":"1730285709621"}}
{"logTime": "1030/232113", "correlationVector":"XwNt0fI1lg4UOQ1FUXZB2E.138","action":"GetUpdates", "result":"DeleteReceived", "context":{"id":"062adc2d-8a97-4a37-bb69-865398440918", "isDeleted:":"true", "version":"1730285709622"}}
{"logTime": "1030/232113", "correlationVector":"XwNt0fI1lg4UOQ1FUXZB2E.139","action":"GetUpdates", "result":"DeleteReceived", "context":{"id":"41714675-9e1b-4ce8-9d22-5b64707b96e0", "isDeleted:":"true", "version":"1730285709623"}}
{"logTime": "1030/232113", "correlationVector":"XwNt0fI1lg4UOQ1FUXZB2E.140","action":"GetUpdates", "result":"DeleteReceived", "context":{"id":"81171c14-ddc0-42c9-81ca-2cc134d0a85b", "isDeleted:":"true", "version":"1730285709624"}}
{"logTime": "1030/232113", "correlationVector":"XwNt0fI1lg4UOQ1FUXZB2E.141","action":"GetUpdates", "result":"DeleteReceived", "context":{"id":"0e817568-f9b6-47d4-9372-7fc98322483e", "isDeleted:":"true", "version":"1730285709625"}}
{"logTime": "1030/232113", "correlationVector":"XwNt0fI1lg4UOQ1FUXZB2E.142","action":"GetUpdates", "result":"DeleteReceived", "context":{"id":"655a94c4-58b9-4b36-9910-d4f18b8ee259", "isDeleted:":"true", "version":"1730285709626"}}
{"logTime": "1030/232113", "correlationVector":"XwNt0fI1lg4UOQ1FUXZB2E.143","action":"GetUpdates", "result":"DeleteReceived", "context":{"id":"a1d8b600-58b6-4da0-9ca9-0ae72c259b5b", "isDeleted:":"true", "version":"1730285718881"}}
{"logTime": "1030/232113", "correlationVector":"XwNt0fI1lg4UOQ1FUXZB2E.144","action":"GetUpdates", "result":"DeleteReceived", "context":{"id":"9ac04d4b-3cfb-4d02-8730-2858e60dffa3", "isDeleted:":"true", "version":"1730286061458"}}
{"logTime": "1030/232113", "correlationVector":"XwNt0fI1lg4UOQ1FUXZB2E.145","action":"GetUpdates", "result":"DeleteReceived", "context":{"id":"72c6194a-313e-4e5a-b56f-147b966dfede", "isDeleted:":"true", "version":"1730286260350"}}
{"logTime": "1030/232113", "correlationVector":"XwNt0fI1lg4UOQ1FUXZB2E.146","action":"GetUpdates", "result":"DeleteReceived", "context":{"id":"b939c5b5-b71c-4ab9-94be-1d038ea7ce14", "isDeleted:":"true", "version":"1730286260352"}}
{"logTime": "1030/232113", "correlationVector":"XwNt0fI1lg4UOQ1FUXZB2E.147","action":"GetUpdates", "result":"DeleteReceived", "context":{"id":"de646be0-75c9-4142-adb5-1eafe3929f82", "isDeleted:":"true", "version":"1730286260354"}}
{"logTime": "1030/232113", "correlationVector":"XwNt0fI1lg4UOQ1FUXZB2E.148","action":"GetUpdates", "result":"DeleteReceived", "context":{"id":"9ce0a218-43fa-45a7-a108-c69f29448086", "isDeleted:":"true", "version":"1730286260355"}}
{"logTime": "1030/232113", "correlationVector":"XwNt0fI1lg4UOQ1FUXZB2E.149","action":"GetUpdates", "result":"DeleteReceived", "context":{"id":"13fb28b7-65fd-436f-9a8b-2dc96abe75ec", "isDeleted:":"true", "version":"1730286260356"}}
{"logTime": "1030/232113", "correlationVector":"XwNt0fI1lg4UOQ1FUXZB2E.150","action":"GetUpdates", "result":"DeleteReceived", "context":{"id":"c6e4820b-92d3-4265-8ec7-90d7b6b7116a", "isDeleted:":"true", "version":"1730286260357"}}
{"logTime": "1030/232113", "correlationVector":"XwNt0fI1lg4UOQ1FUXZB2E.151","action":"GetUpdates", "result":"DeleteReceived", "context":{"id":"427e7e3c-a3b6-4dd6-ae81-8523eaee72e5", "isDeleted:":"true", "version":"1730286260358"}}
{"logTime": "1030/232113", "correlationVector":"XwNt0fI1lg4UOQ1FUXZB2E.152","action":"GetUpdates", "result":"DeleteReceived", "context":{"id":"6249f51d-ed83-48f8-8dbb-fa131e2af8cb", "isDeleted:":"true", "version":"1730286297332"}}
{"logTime": "1030/232113", "correlationVector":"XwNt0fI1lg4UOQ1FUXZB2E.153","action":"GetUpdates", "result":"DeleteReceived", "context":{"id":"2db63449-0cdc-4a58-9ac7-20eb9c90afdd", "isDeleted:":"true", "version":"1730286297333"}}
{"logTime": "1030/232113", "correlationVector":"XwNt0fI1lg4UOQ1FUXZB2E.154","action":"GetUpdates", "result":"DeleteReceived", "context":{"id":"1b348327-ffa7-41b6-8d64-36e28e6e0464", "isDeleted:":"true", "version":"1730287859030"}}
{"logTime": "1030/232113", "correlationVector":"XwNt0fI1lg4UOQ1FUXZB2E.155","action":"GetUpdates", "result":"DeleteReceived", "context":{"id":"2392f7a8-8645-4854-b4ab-b61aef8958ce", "isDeleted:":"true", "version":"1730287914164"}}
{"logTime": "1030/232113", "correlationVector":"XwNt0fI1lg4UOQ1FUXZB2E.156","action":"GetUpdates", "result":"DeleteReceived", "context":{"id":"e415706c-aa49-49d0-927c-7668f3741256", "isDeleted:":"true", "version":"1730289068486"}}
{"logTime": "1030/232113", "correlationVector":"XwNt0fI1lg4UOQ1FUXZB2E.157","action":"GetUpdates", "result":"DeleteReceived", "context":{"id":"b4d12c06-5169-4c0e-adcf-59c1f9417c4f", "isDeleted:":"true", "version":"1730290111366"}}
{"logTime": "1030/232113", "correlationVector":"XwNt0fI1lg4UOQ1FUXZB2E.158","action":"GetUpdates", "result":"DeleteReceived", "context":{"id":"b3130727-1969-4114-8a2a-af25d57ead86", "isDeleted:":"true", "version":"1730290731723"}}
{"logTime": "1030/232113", "correlationVector":"XwNt0fI1lg4UOQ1FUXZB2E.159","action":"GetUpdates", "result":"DeleteReceived", "context":{"id":"e9ae7764-9b59-4bce-a345-300aee33e113", "isDeleted:":"true", "version":"1730292343534"}}
{"logTime": "1030/232113", "correlationVector":"XwNt0fI1lg4UOQ1FUXZB2E.160","action":"GetUpdates", "result":"DeleteReceived", "context":{"id":"a452f8e8-4c45-4aff-afc7-0ec50f124021", "isDeleted:":"true", "version":"1730292562573"}}
{"logTime": "1030/232113", "correlationVector":"XwNt0fI1lg4UOQ1FUXZB2E.161","action":"GetUpdates", "result":"DeleteReceived", "context":{"id":"5db2f4ff-5ef9-4850-9b06-b8eddb2321c7", "isDeleted:":"true", "version":"1730293706932"}}
{"logTime": "1030/232113", "correlationVector":"XwNt0fI1lg4UOQ1FUXZB2E.162","action":"GetUpdates", "result":"DeleteReceived", "context":{"id":"ed8e803a-7996-4231-a262-5af3fa3501db", "isDeleted:":"true", "version":"1730293706933"}}
{"logTime": "1030/232113", "correlationVector":"XwNt0fI1lg4UOQ1FUXZB2E.163","action":"GetUpdates", "result":"DeleteReceived", "context":{"id":"275ad46d-db98-418e-8576-7caf1acc92ce", "isDeleted:":"true", "version":"1730293706934"}}
{"logTime": "1030/232113", "correlationVector":"XwNt0fI1lg4UOQ1FUXZB2E.164","action":"GetUpdates", "result":"DeleteReceived", "context":{"id":"90fa419b-ee26-4af6-8a8e-cc3d46b2a844", "isDeleted:":"true", "version":"1730293706935"}}
{"logTime": "1030/232113", "correlationVector":"XwNt0fI1lg4UOQ1FUXZB2E.165","action":"GetUpdates", "result":"DeleteReceived", "context":{"id":"c6440f62-d0ae-43dd-b490-ddfe56e16883", "isDeleted:":"true", "version":"1730293706936"}}
{"logTime": "1030/232113", "correlationVector":"XwNt0fI1lg4UOQ1FUXZB2E.166","action":"GetUpdates", "result":"DeleteReceived", "context":{"id":"88551328-b708-42c8-906e-f966008c2f7f", "isDeleted:":"true", "version":"1730293706937"}}
{"logTime": "1030/232113", "correlationVector":"XwNt0fI1lg4UOQ1FUXZB2E.167","action":"GetUpdates", "result":"DeleteReceived", "context":{"id":"32eeb08d-540b-4feb-85cf-b7d17aabb629", "isDeleted:":"true", "version":"1730293706939"}}
{"logTime": "1030/232113", "correlationVector":"XwNt0fI1lg4UOQ1FUXZB2E.168","action":"GetUpdates", "result":"DeleteReceived", "context":{"id":"f8fd6fb1-62eb-40dd-906f-14cfd3d2cbf7", "isDeleted:":"true", "version":"1730293706940"}}
{"logTime": "1030/232113", "correlationVector":"XwNt0fI1lg4UOQ1FUXZB2E.169","action":"GetUpdates", "result":"DeleteReceived", "context":{"id":"3a21ca81-fbca-4f7a-b349-dfb370b82c07", "isDeleted:":"true", "version":"1730293706941"}}
{"logTime": "1030/232113", "correlationVector":"XwNt0fI1lg4UOQ1FUXZB2E.170","action":"GetUpdates", "result":"DeleteReceived", "context":{"id":"09299cae-352b-426b-b2b3-aef41a307a8c", "isDeleted:":"true", "version":"1730293706942"}}
{"logTime": "1030/232113", "correlationVector":"XwNt0fI1lg4UOQ1FUXZB2E.171","action":"GetUpdates", "result":"DeleteReceived", "context":{"id":"7e7750a6-13eb-4746-960c-01bce42366c1", "isDeleted:":"true", "version":"1730293706943"}}
{"logTime": "1030/232113", "correlationVector":"XwNt0fI1lg4UOQ1FUXZB2E.172","action":"GetUpdates", "result":"DeleteReceived", "context":{"id":"89fba413-1af2-4edb-9e7e-55fd171a533d", "isDeleted:":"true", "version":"1730293706944"}}
{"logTime": "1030/232113", "correlationVector":"XwNt0fI1lg4UOQ1FUXZB2E.173","action":"GetUpdates", "result":"DeleteReceived", "context":{"id":"21480362-19ba-4729-b700-47ef3ddaee7c", "isDeleted:":"true", "version":"1730293706945"}}
{"logTime": "1030/232113", "correlationVector":"XwNt0fI1lg4UOQ1FUXZB2E.174","action":"GetUpdates", "result":"DeleteReceived", "context":{"id":"3ecf85ae-285d-4b1a-94c9-aa868d9f79d4", "isDeleted:":"true", "version":"1730293706946"}}
{"logTime": "1030/232113", "correlationVector":"XwNt0fI1lg4UOQ1FUXZB2E.175","action":"GetUpdates", "result":"DeleteReceived", "context":{"id":"36f5b8e5-1d2f-4e02-aead-0ec36b2d4e5c", "isDeleted:":"true", "version":"1730294175397"}}
{"logTime": "1030/232113", "correlationVector":"XwNt0fI1lg4UOQ1FUXZB2E.176","action":"GetUpdates", "result":"DeleteReceived", "context":{"id":"d7ded1c7-7949-44b2-b64f-402c19ff005d", "isDeleted:":"true", "version":"1730294175398"}}
{"logTime": "1030/232113", "correlationVector":"XwNt0fI1lg4UOQ1FUXZB2E.177","action":"GetUpdates", "result":"DeleteReceived", "context":{"id":"2d97dab6-df0b-4400-86fc-2eebc32c2154", "isDeleted:":"true", "version":"1730295134530"}}
{"logTime": "1030/232113", "correlationVector":"XwNt0fI1lg4UOQ1FUXZB2E.178","action":"GetUpdates", "result":"DeleteReceived", "context":{"id":"b0e53083-c247-4c03-a257-3673385ef605", "isDeleted:":"true", "version":"1730297090600"}}
{"logTime": "1030/232113", "correlationVector":"XwNt0fI1lg4UOQ1FUXZB2E.179","action":"GetUpdates", "result":"DeleteReceived", "context":{"id":"22612d7b-c61e-435b-a672-eb478bc3d8e7", "isDeleted:":"true", "version":"1730298691361"}}
{"logTime": "1030/232113", "correlationVector":"XwNt0fI1lg4UOQ1FUXZB2E.180","action":"GetUpdates", "result":"DeleteReceived", "context":{"id":"b52c78a2-315e-455b-8aeb-f13919924efe", "isDeleted:":"true", "version":"1730299562433"}}
{"logTime": "1030/232113", "correlationVector":"XwNt0fI1lg4UOQ1FUXZB2E.181","action":"GetUpdates", "result":"DeleteReceived", "context":{"id":"821084b3-88b8-4e11-b5ef-a9257fd90b46", "isDeleted:":"true", "version":"1730305194177"}}
{"logTime": "1030/232113", "correlationVector":"XwNt0fI1lg4UOQ1FUXZB2E.182","action":"GetUpdates", "result":"DeleteReceived", "context":{"id":"d8a1db16-8488-46c3-adfd-f916cff718b8", "isDeleted:":"true", "version":"1730305453003"}}
{"logTime": "1030/232113", "correlationVector":"XwNt0fI1lg4UOQ1FUXZB2E.183","action":"GetUpdates", "result":"DeleteReceived", "context":{"id":"41cfa38c-5179-4c87-8998-4d5144d88b81", "isDeleted:":"true", "version":"1730305490718"}}
{"logTime": "1030/232113", "correlationVector":"XwNt0fI1lg4UOQ1FUXZB2E.184","action":"GetUpdates", "result":"DeleteReceived", "context":{"id":"70ac4438-322f-4e65-8729-6555a6f26d73", "isDeleted:":"true", "version":"1730305490719"}}
{"logTime": "1030/232113", "correlationVector":"XwNt0fI1lg4UOQ1FUXZB2E.185","action":"GetUpdates", "result":"DeleteReceived", "context":{"id":"f44a48f9-cb7d-448f-8fbc-37d3ef10b348", "isDeleted:":"true", "version":"1730305502697"}}
{"logTime": "1030/232113", "correlationVector":"XwNt0fI1lg4UOQ1FUXZB2E.186","action":"GetUpdates", "result":"DeleteReceived", "context":{"id":"607ec3c9-0940-4580-b112-8b35b8c35b9e", "isDeleted:":"true", "version":"1730307928940"}}
{"logTime": "1030/232113", "correlationVector":"XwNt0fI1lg4UOQ1FUXZB2E.187","action":"GetUpdates", "result":"DeleteReceived", "context":{"id":"8f59db38-e184-4567-bdc2-6bb7ad4526be", "isDeleted:":"true", "version":"1730308315186"}}
{"logTime": "1030/232113", "correlationVector":"XwNt0fI1lg4UOQ1FUXZB2E.188","action":"GetUpdates", "result":"DeleteReceived", "context":{"id":"e70aa524-7287-4059-8073-f08d4c1b71fe", "isDeleted:":"true", "version":"1730308333597"}}
{"logTime": "1030/232113", "correlationVector":"XwNt0fI1lg4UOQ1FUXZB2E.189","action":"GetUpdates", "result":"DeleteReceived", "context":{"id":"fd5756cf-4cea-41b2-a2f6-10c2a2de8d1c", "isDeleted:":"true", "version":"1730308416937"}}
{"logTime": "1030/232113", "correlationVector":"XwNt0fI1lg4UOQ1FUXZB2E.190","action":"GetUpdates", "result":"DeleteReceived", "context":{"id":"7271db2d-bc2f-4bc3-b0d1-8caa0fd7c889", "isDeleted:":"true", "version":"1730308966503"}}
{"logTime": "1030/232113", "correlationVector":"XwNt0fI1lg4UOQ1FUXZB2E.191","action":"GetUpdates", "result":"DeleteReceived", "context":{"id":"0be56d09-39d9-4149-ab34-2aaf143fdc67", "isDeleted:":"true", "version":"1730310797546"}}
{"logTime": "1030/232113", "correlationVector":"XwNt0fI1lg4UOQ1FUXZB2E.192","action":"GetUpdates", "result":"DeleteReceived", "context":{"id":"b4ea0a15-f100-40e8-aa23-241cdbb0669f", "isDeleted:":"true", "version":"1730311247300"}}
{"logTime": "1030/232113", "correlationVector":"XwNt0fI1lg4UOQ1FUXZB2E.193","action":"GetUpdates", "result":"DeleteReceived", "context":{"id":"f9b8ecd7-476e-473e-beb2-f8b7e3fa895d", "isDeleted:":"true", "version":"1730311248558"}}
{"logTime": "1030/232113", "correlationVector":"XwNt0fI1lg4UOQ1FUXZB2E.194","action":"GetUpdates", "result":"DeleteReceived", "context":{"id":"c18a2cb0-8430-490d-977f-71c5d3d0f297", "isDeleted:":"true", "version":"1730311248559"}}
{"logTime": "1030/232113", "correlationVector":"XwNt0fI1lg4UOQ1FUXZB2E.195","action":"GetUpdates Response", "result":"Success", "context":Received 250 update(s). cV=XwNt0fI1lg4UOQ1FUXZB2E.0;server=GENERAL0100000L;cloudType=Consumer;environment=Prod_EastUS2_000e;migrationStage=NotStarted Some updates remain.}
{"logTime": "1030/232113", "correlationVector":"783ruD0kCZGls7PncKy3u9","action":"Normal GetUpdate request", "result":"", "context":cV=783ruD0kCZGls7PncKy3u9
Nudged types: Sessions, Device Info
Refresh requested types: Bookmarks, Preferences, Passwords, Autofill Profiles, Autofill, Typed URLs, Extensions, Sessions, Extension settings, History Delete Directives, Device Info, User Consents, Send Tab To Self, Web Apps, Collection, Edge E Drop, Edge Hub App Usage, Edge Tab Group, Edge Wallet, Encryption Keys}
{"logTime": "1030/232113", "correlationVector":"783ruD0kCZGls7PncKy3u9.1","action":"SyncServerConnectionManagerRequest", "result":"SYNC_SERVER_OK", "context":{"environment":"Prod_EastUS2_000e", "migrationStage":"NotStarted", "server":"GENERAL0100002J"}}
{"logTime": "1030/232113", "correlationVector":"783ruD0kCZGls7PncKy3u9.2","action":"GetUpdates", "result":"DeleteReceived", "context":{"id":"d26aab1e-0a96-4ab4-999f-daed5b503865", "isDeleted:":"true", "version":"1730311248560"}}
{"logTime": "1030/232113", "correlationVector":"783ruD0kCZGls7PncKy3u9.3","action":"GetUpdates", "result":"DeleteReceived", "context":{"id":"5a8a3a66-d4bd-4daa-b423-14f60946c1aa", "isDeleted:":"true", "version":"1730311248562"}}
{"logTime": "1030/232113", "correlationVector":"783ruD0kCZGls7PncKy3u9.4","action":"GetUpdates", "result":"DeleteReceived", "context":{"id":"4e177cae-6463-4e7d-a920-8415ff3ebc92", "isDeleted:":"true", "version":"1730311248563"}}
{"logTime": "1030/232113", "correlationVector":"783ruD0kCZGls7PncKy3u9.5","action":"GetUpdates", "result":"DeleteReceived", "context":{"id":"ec6f5f22-31fb-4bca-bfcc-5bc7c08d89cc", "isDeleted:":"true", "version":"1730311248564"}}
{"logTime": "1030/232113", "correlationVector":"783ruD0kCZGls7PncKy3u9.6","action":"GetUpdates", "result":"DeleteReceived", "context":{"id":"416cb6b1-a701-4d10-a32c-3d04c53590d1", "isDeleted:":"true", "version":"1730311274138"}}
{"logTime": "1030/232113", "correlationVector":"783ruD0kCZGls7PncKy3u9.7","action":"GetUpdates", "result":"DeleteReceived", "context":{"id":"7deaad25-aefe-497c-95c9-e3ca252812c3", "isDeleted:":"true", "version":"1730311274140"}}
{"logTime": "1030/232113", "correlationVector":"783ruD0kCZGls7PncKy3u9.8","action":"GetUpdates", "result":"DeleteReceived", "context":{"id":"cdc24cf3-2c66-43da-b104-f04aaf4c7e57", "isDeleted:":"true", "version":"1730311274142"}}
{"logTime": "1030/232113", "correlationVector":"783ruD0kCZGls7PncKy3u9.9","action":"GetUpdates", "result":"DeleteReceived", "context":{"id":"5b0732c0-047f-4943-b206-27eaf58e087b", "isDeleted:":"true", "version":"1730311274143"}}
{"logTime": "1030/232113", "correlationVector":"783ruD0kCZGls7PncKy3u9.10","action":"GetUpdates", "result":"DeleteReceived", "context":{"id":"2e3e2e03-f0dd-4e8a-99fd-93cd8b32a788", "isDeleted:":"true", "version":"1730315042636"}}
{"logTime": "1030/232113", "correlationVector":"783ruD0kCZGls7PncKy3u9.11","action":"GetUpdates", "result":"DeleteReceived", "context":{"id":"579fbf6f-5a77-4b6b-a7c9-ea14cbaab640", "isDeleted:":"true", "version":"1730316757516"}}
{"logTime": "1030/232113", "correlationVector":"783ruD0kCZGls7PncKy3u9.12","action":"GetUpdates", "result":"DeleteReceived", "context":{"id":"40d5d18d-d690-4e35-b2c2-fa71551dd67e", "isDeleted:":"true", "version":"1730318797369"}}
{"logTime": "1030/232113", "correlationVector":"783ruD0kCZGls7PncKy3u9.13","action":"GetUpdates", "result":"DeleteReceived", "context":{"id":"7e0a6792-2a51-445b-8eac-847dd6d27eec", "isDeleted:":"true", "version":"1730319306576"}}
{"logTime": "1030/232113", "correlationVector":"783ruD0kCZGls7PncKy3u9.14","action":"GetUpdates", "result":"DeleteReceived", "context":{"id":"d07cd6a4-8f08-4dda-886e-86f515dd641a", "isDeleted:":"true", "version":"1730319784551"}}
{"logTime": "1030/232113", "correlationVector":"783ruD0kCZGls7PncKy3u9.15","action":"GetUpdates", "result":"DeleteReceived", "context":{"id":"7a1f5bab-c4aa-430d-90da-68d1a35a64b0", "isDeleted:":"true", "version":"1730319784558"}}
{"logTime": "1030/232113", "correlationVector":"783ruD0kCZGls7PncKy3u9.16","action":"GetUpdates", "result":"DeleteReceived", "context":{"id":"4cae4f3b-4faf-46ed-ad2d-ec21d235d8fd", "isDeleted:":"true", "version":"1730319794518"}}
{"logTime": "1030/232113", "correlationVector":"783ruD0kCZGls7PncKy3u9.17","action":"GetUpdates", "result":"DeleteReceived", "context":{"id":"d88b5233-f4a6-48e2-8517-ff210cd70fd0", "isDeleted:":"true", "version":"1730319794519"}}
{"logTime": "1030/232113", "correlationVector":"783ruD0kCZGls7PncKy3u9.18","action":"GetUpdates", "result":"DeleteReceived", "context":{"id":"0a2e5813-98e4-4e4e-bf3d-71ad7eb891ed", "isDeleted:":"true", "version":"1730319794520"}}
{"logTime": "1030/232113", "correlationVector":"783ruD0kCZGls7PncKy3u9.19","action":"GetUpdates", "result":"DeleteReceived", "context":{"id":"62537ac2-c1e7-41f5-a95c-46062c1d607e", "isDeleted:":"true", "version":"1730319794523"}}
{"logTime": "1030/232113", "correlationVector":"783ruD0kCZGls7PncKy3u9.20","action":"GetUpdates", "result":"DeleteReceived", "context":{"id":"8f19a6be-6b77-421a-b7ab-2983c043025a", "isDeleted:":"true", "version":"1730320031264"}}
{"logTime": "1030/232113", "correlationVector":"783ruD0kCZGls7PncKy3u9.21","action":"GetUpdates", "result":"DeleteReceived", "context":{"id":"0503db5d-0cd3-4922-b3e3-e85b66920ec3", "isDeleted:":"true", "version":"1730320031266"}}
{"logTime": "1030/232113", "correlationVector":"783ruD0kCZGls7PncKy3u9.22","action":"GetUpdates", "result":"DeleteReceived", "context":{"id":"0edc7070-4e45-4af2-8696-6fd36c857601", "isDeleted:":"true", "version":"1730320097290"}}
{"logTime": "1030/232113", "correlationVector":"783ruD0kCZGls7PncKy3u9.23","action":"GetUpdates", "result":"DeleteReceived", "context":{"id":"1dd5b930-21d3-478a-b107-5383608eccb5", "isDeleted:":"true", "version":"1730320097293"}}
{"logTime": "1030/232113", "correlationVector":"783ruD0kCZGls7PncKy3u9.24","action":"GetUpdates", "result":"DeleteReceived", "context":{"id":"3b9ce756-f2fd-4143-9bfb-4b41b45b5678", "isDeleted:":"true", "version":"1730320595248"}}
{"logTime": "1030/232113", "correlationVector":"783ruD0kCZGls7PncKy3u9.25","action":"GetUpdates", "result":"DeleteReceived", "context":{"id":"70a3a0e3-b526-426e-95f9-454080c09900", "isDeleted:":"true", "version":"1730321521814"}}
{"logTime": "1030/232113", "correlationVector":"783ruD0kCZGls7PncKy3u9.26","action":"GetUpdates", "result":"DeleteReceived", "context":{"id":"4198e913-0f2b-4c4f-9bcd-10e6334f8dc5", "isDeleted:":"true", "version":"1730321521815"}}
{"logTime": "1030/232113", "correlationVector":"783ruD0kCZGls7PncKy3u9.27","action":"GetUpdates", "result":"DeleteReceived", "context":{"id":"0d4ebba6-d731-40f9-ba52-e3eaaa13d205", "isDeleted:":"true", "version":"1730321684831"}}
{"logTime": "1030/232113", "correlationVector":"783ruD0kCZGls7PncKy3u9.28","action":"GetUpdates", "result":"DeleteReceived", "context":{"id":"ee0e29dd-eb56-4929-8c38-2929ac738255", "isDeleted:":"true", "version":"1730321684832"}}
{"logTime": "1030/232113", "correlationVector":"783ruD0kCZGls7PncKy3u9.29","action":"GetUpdates", "result":"DeleteReceived", "context":{"id":"dc0f088c-e354-4504-9948-d46c0b7b3963", "isDeleted:":"true", "version":"1730321684834"}}
{"logTime": "1030/232113", "correlationVector":"783ruD0kCZGls7PncKy3u9.30","action":"GetUpdates", "result":"DeleteReceived", "context":{"id":"86ce5c74-8162-4fb5-9bd1-7a7c1fdcad59", "isDeleted:":"true", "version":"1730321960412"}}
{"logTime": "1030/232113", "correlationVector":"783ruD0kCZGls7PncKy3u9.31","action":"GetUpdates", "result":"DeleteReceived", "context":{"id":"bd465ece-d9ff-4b05-a262-7f44724fa22f", "isDeleted:":"true", "version":"1730321966510"}}
{"logTime": "1030/232113", "correlationVector":"783ruD0kCZGls7PncKy3u9.32","action":"GetUpdates", "result":"DeleteReceived", "context":{"id":"fa036d02-7718-4253-b0e9-53af9f0fadb6", "isDeleted:":"true", "version":"1730321966512"}}
{"logTime": "1030/232113", "correlationVector":"783ruD0kCZGls7PncKy3u9.33","action":"GetUpdates", "result":"DeleteReceived", "context":{"id":"01b4679b-9640-4c50-9c9f-b2e6a6f31509", "isDeleted:":"true", "version":"1730321972910"}}
{"logTime": "1030/232113", "correlationVector":"783ruD0kCZGls7PncKy3u9.34","action":"GetUpdates", "result":"DeleteReceived", "context":{"id":"a52118c7-e1f4-477c-a382-2528c9fb8c4d", "isDeleted:":"true", "version":"1730321972913"}}
{"logTime": "1030/232113", "correlationVector":"783ruD0kCZGls7PncKy3u9.35","action":"GetUpdates", "result":"DeleteReceived", "context":{"id":"91a8b80a-7345-46ed-b191-a205c8de5220", "isDeleted:":"true", "version":"1730321972914"}}
{"logTime": "1030/232113", "correlationVector":"783ruD0kCZGls7PncKy3u9.36","action":"GetUpdates Response", "result":"Success", "context":Received 56 update(s). cV=783ruD0kCZGls7PncKy3u9.0;server=GENERAL0100002J;cloudType=Consumer;environment=Prod_EastUS2_000e;migrationStage=NotStarted}
{"logTime": "1030/232113", "correlationVector":"O64L1GJHImpz7g/hkpU6FO","action":"Commit Request", "result":"", "context":Item count: 5
Contributing types: Sessions, Device Info}
{"logTime": "1030/232114", "correlationVector":"O64L1GJHImpz7g/hkpU6FO.1","action":"SyncServerConnectionManagerRequest", "result":"SYNC_SERVER_OK", "context":{"environment":"Prod_EastUS2_000e", "migrationStage":"NotStarted", "server":"GENERAL0100001D"}}
{"logTime": "1030/232114", "correlationVector":"O64L1GJHImpz7g/hkpU6FO.2","action":"Commit Response", "result":"Success", "context":Result: Success. cV=O64L1GJHImpz7g/hkpU6FO.0;server=GENERAL0100001D;cloudType=Consumer;environment=Prod_EastUS2_000e;migrationStage=NotStarted}
{"logTime": "1030/232114", "correlationVector":"0u7mfyj/op5+Gs2pmfFy/P","action":"SyncServerConnectionManagerRequest", "result":"SYNC_SERVER_OK", "context":{"environment":"", "migrationStage":"", "server":""}}
{"logTime": "1030/232115", "correlationVector":"1Dkw1ljX0kiVCjP4DghkH1","action":"Commit Request", "result":"", "context":Item count: 3
Contributing types: Autofill Profiles, Sessions}
{"logTime": "1030/232115", "correlationVector":"1Dkw1ljX0kiVCjP4DghkH1.1","action":"SyncServerConnectionManagerRequest", "result":"SYNC_SERVER_OK", "context":{"environment":"Prod_EastUS2_000e", "migrationStage":"NotStarted", "server":"GENERAL0100001H"}}
{"logTime": "1030/232115", "correlationVector":"1Dkw1ljX0kiVCjP4DghkH1.3","action":"Commit.Autofill Profiles", "result":"Success", "context":{"id":"3b602882-0ed7-4e94-847f-4b2121e5042b", "isDeleted":"true", "size":"0", "version":"1718498316632"}}
{"logTime": "1030/232115", "correlationVector":"1Dkw1ljX0kiVCjP4DghkH1.2","action":"Commit Response", "result":"Success", "context":Result: Success. cV=1Dkw1ljX0kiVCjP4DghkH1.0;server=GENERAL0100001H;cloudType=Consumer;environment=Prod_EastUS2_000e;migrationStage=NotStarted}
{"logTime": "1030/232115", "correlationVector":"TfgOAQDoBxowQhbIzA206D","action":"Poll GetUpdate request", "result":"", "context":cV=TfgOAQDoBxowQhbIzA206D}
{"logTime": "1030/232115", "correlationVector":"TfgOAQDoBxowQhbIzA206D.1","action":"SyncServerConnectionManagerRequest", "result":"SYNC_SERVER_OK", "context":{"environment":"Prod_EastUS2_000e", "migrationStage":"NotStarted", "server":"GENERAL01000013"}}
{"logTime": "1030/232115", "correlationVector":"TfgOAQDoBxowQhbIzA206D.2","action":"GetUpdates", "result":"DeleteReceived", "context":{"id":"3b602882-0ed7-4e94-847f-4b2121e5042b", "isDeleted:":"true", "version":"1730330475141"}}
{"logTime": "1030/232115", "correlationVector":"TfgOAQDoBxowQhbIzA206D.3","action":"GetUpdates Response", "result":"Success", "context":Received 6 update(s). cV=TfgOAQDoBxowQhbIzA206D.0;server=GENERAL01000013;cloudType=Consumer;environment=Prod_EastUS2_000e;migrationStage=NotStarted}
{"logTime": "1030/232146", "correlationVector":"lt1kEZZjCjzYCGZo908hav","action":"Commit Request", "result":"", "context":Item count: 2
Contributing types: Sessions}
{"logTime": "1030/232146", "correlationVector":"lt1kEZZjCjzYCGZo908hav.1","action":"SyncServerConnectionManagerRequest", "result":"SYNC_SERVER_OK", "context":{"environment":"Prod_EastUS2_000e", "migrationStage":"NotStarted", "server":"GENERAL0100000O"}}
{"logTime": "1030/232146", "correlationVector":"lt1kEZZjCjzYCGZo908hav.2","action":"Commit Response", "result":"Success", "context":Result: Success. cV=lt1kEZZjCjzYCGZo908hav.0;server=GENERAL0100000O;cloudType=Consumer;environment=Prod_EastUS2_000e;migrationStage=NotStarted}
{"logTime": "1030/232612", "correlationVector":"0ZoemRXgTJpy/lfpLL0t9i","action":"Normal GetUpdate request", "result":"", "context":cV=0ZoemRXgTJpy/lfpLL0t9i
Refresh requested types: Bookmarks, Preferences, Passwords, Autofill Profiles, Autofill, Typed URLs, Extensions, Sessions, Extension settings, History Delete Directives, Device Info, User Consents, Send Tab To Self, Web Apps, Collection, Edge E Drop, Edge Hub App Usage, Edge Tab Group, Edge Wallet, Encryption Keys}
{"logTime": "1030/232612", "correlationVector":"0ZoemRXgTJpy/lfpLL0t9i.1","action":"SyncServerConnectionManagerRequest", "result":"SYNC_SERVER_OK", "context":{"environment":"Prod_EastUS2_000e", "migrationStage":"NotStarted", "server":"GENERAL0100001S"}}
{"logTime": "1030/232612", "correlationVector":"0ZoemRXgTJpy/lfpLL0t9i.2","action":"GetUpdates Response", "result":"Success", "context":Received 2 update(s). cV=0ZoemRXgTJpy/lfpLL0t9i.0;server=GENERAL0100001S;cloudType=Consumer;environment=Prod_EastUS2_000e;migrationStage=NotStarted}
{"logTime": "1030/232818", "correlationVector":"Z+8IPiMb4EF8MpjIBFzhMO","action":"Commit Request", "result":"", "context":Item count: 1
Contributing types: Preferences}
{"logTime": "1030/232818", "correlationVector":"Z+8IPiMb4EF8MpjIBFzhMO.1","action":"SyncServerConnectionManagerRequest", "result":"SYNC_SERVER_OK", "context":{"environment":"Prod_EastUS2_000e", "migrationStage":"NotStarted", "server":"GENERAL01000013"}}
{"logTime": "1030/232818", "correlationVector":"Z+8IPiMb4EF8MpjIBFzhMO.2","action":"Commit Response", "result":"Success", "context":Result: Success. cV=Z+8IPiMb4EF8MpjIBFzhMO.0;server=GENERAL01000013;cloudType=Consumer;environment=Prod_EastUS2_000e;migrationStage=NotStarted}
{"logTime": "1030/232948", "correlationVector":"bM/HiwTAqKeeS/NPsU7byp","action":"Commit Request", "result":"", "context":Item count: 7
Contributing types: Passwords, Typed URLs, Sessions}
{"logTime": "1030/232949", "correlationVector":"bM/HiwTAqKeeS/NPsU7byp.1","action":"SyncServerConnectionManagerRequest", "result":"SYNC_SERVER_OK", "context":{"environment":"Prod_EastUS2_000e", "migrationStage":"NotStarted", "server":"GENERAL01000004"}}
{"logTime": "1030/232949", "correlationVector":"bM/HiwTAqKeeS/NPsU7byp.2","action":"Commit Response", "result":"Success", "context":Result: Success. cV=bM/HiwTAqKeeS/NPsU7byp.0;server=GENERAL01000004;cloudType=Consumer;environment=Prod_EastUS2_000e;migrationStage=NotStarted}
{"logTime": "1030/233053", "correlationVector":"hm+0uCqMZsudy7canoxX3j","action":"Commit Request", "result":"", "context":Item count: 4
Contributing types: Sessions}
{"logTime": "1030/233053", "correlationVector":"hm+0uCqMZsudy7canoxX3j.1","action":"SyncServerConnectionManagerRequest", "result":"SYNC_SERVER_OK", "context":{"environment":"Prod_EastUS2_000e", "migrationStage":"NotStarted", "server":"GENERAL01000027"}}
{"logTime": "1030/233053", "correlationVector":"hm+0uCqMZsudy7canoxX3j.3","action":"Commit.Sessions", "result":"Success", "context":{"id":"35d97bc4-6c68-42cb-8482-05b815354bf6", "isDeleted":"true", "size":"0", "version":"1730330988700"}}
{"logTime": "1030/233053", "correlationVector":"hm+0uCqMZsudy7canoxX3j.4","action":"Commit.Sessions", "result":"Success", "context":{"id":"711bb48c-22e6-4176-9b50-81edbf518411", "isDeleted":"true", "size":"0", "version":"1730330988701"}}
{"logTime": "1030/233053", "correlationVector":"hm+0uCqMZsudy7canoxX3j.5","action":"Commit.Sessions", "result":"Success", "context":{"id":"f4f15d17-dd4a-4143-9f11-4a0d634bbef4", "isDeleted":"true", "size":"0", "version":"1730330988702"}}
{"logTime": "1030/233053", "correlationVector":"hm+0uCqMZsudy7canoxX3j.2","action":"Commit Response", "result":"Success", "context":Result: Success. cV=hm+0uCqMZsudy7canoxX3j.0;server=GENERAL01000027;cloudType=Consumer;environment=Prod_EastUS2_000e;migrationStage=NotStarted}
{"logTime": "1030/233133", "correlationVector":"HzYDsIm46+yAO0T4lidoq3","action":"Commit Request", "result":"", "context":Item count: 2
Contributing types: Typed URLs, Sessions}
{"logTime": "1030/233133", "correlationVector":"HzYDsIm46+yAO0T4lidoq3.1","action":"SyncServerConnectionManagerRequest", "result":"SYNC_SERVER_OK", "context":{"environment":"Prod_EastUS2_000e", "migrationStage":"NotStarted", "server":"GENERAL0100000Q"}}
{"logTime": "1030/233133", "correlationVector":"HzYDsIm46+yAO0T4lidoq3.2","action":"Commit Response", "result":"Success", "context":Result: Success. cV=HzYDsIm46+yAO0T4lidoq3.0;server=GENERAL0100000Q;cloudType=Consumer;environment=Prod_EastUS2_000e;migrationStage=NotStarted}
{"logTime": "1030/233212", "correlationVector":"ZtSLRfaF/NeOtxpECx1jdD","action":"Commit Request", "result":"", "context":Item count: 2
Contributing types: Typed URLs, Sessions}
{"logTime": "1030/233212", "correlationVector":"ZtSLRfaF/NeOtxpECx1jdD.1","action":"SyncServerConnectionManagerRequest", "result":"SYNC_SERVER_OK", "context":{"environment":"Prod_EastUS2_000e", "migrationStage":"NotStarted", "server":"GENERAL0100001H"}}
{"logTime": "1030/233212", "correlationVector":"ZtSLRfaF/NeOtxpECx1jdD.2","action":"Commit Response", "result":"Success", "context":Result: Success. cV=ZtSLRfaF/NeOtxpECx1jdD.0;server=GENERAL0100001H;cloudType=Consumer;environment=Prod_EastUS2_000e;migrationStage=NotStarted}
{"logTime": "1030/233305", "correlationVector":"6V/9O79QlTXlqudk0T1aoR","action":"Commit Request", "result":"", "context":Item count: 4
Contributing types: Sessions}
{"logTime": "1030/233305", "correlationVector":"6V/9O79QlTXlqudk0T1aoR.1","action":"SyncServerConnectionManagerRequest", "result":"SYNC_SERVER_OK", "context":{"environment":"Prod_EastUS2_000e", "migrationStage":"NotStarted", "server":"GENERAL01000014"}}
{"logTime": "1030/233305", "correlationVector":"6V/9O79QlTXlqudk0T1aoR.2","action":"Commit Response", "result":"Success", "context":Result: Success. cV=6V/9O79QlTXlqudk0T1aoR.0;server=GENERAL01000014;cloudType=Consumer;environment=Prod_EastUS2_000e;migrationStage=NotStarted}
{"logTime": "1030/233336", "correlationVector":"kIMbeq3/w3GOtlLv/AJD3g","action":"Commit Request", "result":"", "context":Item count: 5
Contributing types: Sessions}
{"logTime": "1030/233337", "correlationVector":"kIMbeq3/w3GOtlLv/AJD3g.1","action":"SyncServerConnectionManagerRequest", "result":"SYNC_SERVER_OK", "context":{"environment":"Prod_EastUS2_000e", "migrationStage":"NotStarted", "server":"GENERAL01000016"}}
{"logTime": "1030/233337", "correlationVector":"kIMbeq3/w3GOtlLv/AJD3g.3","action":"Commit.Sessions", "result":"Success", "context":{"id":"54625f28-6354-403a-bfef-81f390e1c063", "isDeleted":"true", "size":"0", "version":"1730331185122"}}
{"logTime": "1030/233337", "correlationVector":"kIMbeq3/w3GOtlLv/AJD3g.2","action":"Commit Response", "result":"Success", "context":Result: Success. cV=kIMbeq3/w3GOtlLv/AJD3g.0;server=GENERAL01000016;cloudType=Consumer;environment=Prod_EastUS2_000e;migrationStage=NotStarted}
{"logTime": "1030/233408", "correlationVector":"4Q98p6Em26yehaP6fBSkXa","action":"Commit Request", "result":"", "context":Item count: 3
Contributing types: Sessions}
{"logTime": "1030/233408", "correlationVector":"4Q98p6Em26yehaP6fBSkXa.1","action":"SyncServerConnectionManagerRequest", "result":"SYNC_SERVER_OK", "context":{"environment":"Prod_EastUS2_000e", "migrationStage":"NotStarted", "server":"GENERAL01000019"}}
{"logTime": "1030/233408", "correlationVector":"4Q98p6Em26yehaP6fBSkXa.3","action":"Commit.Sessions", "result":"Success", "context":{"id":"63d9b861-96ee-4719-aa1a-c3bf5b0159c2", "isDeleted":"true", "size":"0", "version":"1730331217046"}}
{"logTime": "1030/233408", "correlationVector":"4Q98p6Em26yehaP6fBSkXa.2","action":"Commit Response", "result":"Success", "context":Result: Success. cV=4Q98p6Em26yehaP6fBSkXa.0;server=GENERAL01000019;cloudType=Consumer;environment=Prod_EastUS2_000e;migrationStage=NotStarted}
{"logTime": "1030/233644", "correlationVector":"yuG0k82q48P+O4btXWYap2","action":"Commit Request", "result":"", "context":Item count: 2
Contributing types: Sessions}
{"logTime": "1030/233644", "correlationVector":"yuG0k82q48P+O4btXWYap2.1","action":"SyncServerConnectionManagerRequest", "result":"SYNC_SERVER_OK", "context":{"environment":"Prod_EastUS2_000e", "migrationStage":"NotStarted", "server":"GENERAL0100000F"}}
{"logTime": "1030/233644", "correlationVector":"yuG0k82q48P+O4btXWYap2.2","action":"Commit Response", "result":"Success", "context":Result: Success. cV=yuG0k82q48P+O4btXWYap2.0;server=GENERAL0100000F;cloudType=Consumer;environment=Prod_EastUS2_000e;migrationStage=NotStarted}
{"logTime": "1030/233744", "correlationVector":"nWe5HkAOzQPesPw1eogF2g","action":"Commit Request", "result":"", "context":Item count: 3
Contributing types: Sessions}
{"logTime": "1030/233744", "correlationVector":"nWe5HkAOzQPesPw1eogF2g.1","action":"SyncServerConnectionManagerRequest", "result":"SYNC_SERVER_OK", "context":{"environment":"Prod_EastUS2_000e", "migrationStage":"NotStarted", "server":"GENERAL01000021"}}
{"logTime": "1030/233744", "correlationVector":"nWe5HkAOzQPesPw1eogF2g.3","action":"Commit.Sessions", "result":"Success", "context":{"id":"0e547a52-a8d1-45a5-bc8a-f260aaa4613b", "isDeleted":"true", "size":"0", "version":"1730331404372"}}
{"logTime": "1030/233744", "correlationVector":"nWe5HkAOzQPesPw1eogF2g.2","action":"Commit Response", "result":"Success", "context":Result: Success. cV=nWe5HkAOzQPesPw1eogF2g.0;server=GENERAL01000021;cloudType=Consumer;environment=Prod_EastUS2_000e;migrationStage=NotStarted}
{"logTime": "1030/233847", "correlationVector":"q+MhXysOmYIknkb42O4ICT","action":"Commit Request", "result":"", "context":Item count: 1
Contributing types: Sessions}
{"logTime": "1030/233847", "correlationVector":"q+MhXysOmYIknkb42O4ICT.1","action":"SyncServerConnectionManagerRequest", "result":"SYNC_SERVER_OK", "context":{"environment":"Prod_EastUS2_000e", "migrationStage":"NotStarted", "server":"GENERAL0100000Q"}}
{"logTime": "1030/233847", "correlationVector":"q+MhXysOmYIknkb42O4ICT.2","action":"Commit Response", "result":"Success", "context":Result: Success. cV=q+MhXysOmYIknkb42O4ICT.0;server=GENERAL0100000Q;cloudType=Consumer;environment=Prod_EastUS2_000e;migrationStage=NotStarted}
{"logTime": "1030/234147", "correlationVector":"xsCF+XFTer7qp1kuU9Uf7s","action":"Commit Request", "result":"", "context":Item count: 2
Contributing types: Sessions}
{"logTime": "1030/234147", "correlationVector":"xsCF+XFTer7qp1kuU9Uf7s.1","action":"SyncServerConnectionManagerRequest", "result":"SYNC_SERVER_OK", "context":{"environment":"Prod_EastUS2_000e", "migrationStage":"NotStarted", "server":"GENERAL01000021"}}
{"logTime": "1030/234147", "correlationVector":"xsCF+XFTer7qp1kuU9Uf7s.2","action":"Commit Response", "result":"Success", "context":Result: Success. cV=xsCF+XFTer7qp1kuU9Uf7s.0;server=GENERAL01000021;cloudType=Consumer;environment=Prod_EastUS2_000e;migrationStage=NotStarted}
{"logTime": "1030/234302", "correlationVector":"h7tqkwheUytG5BF9VUyZwS","action":"Commit Request", "result":"", "context":Item count: 3
Contributing types: Sessions}
{"logTime": "1030/234302", "correlationVector":"h7tqkwheUytG5BF9VUyZwS.1","action":"SyncServerConnectionManagerRequest", "result":"SYNC_SERVER_OK", "context":{"environment":"Prod_EastUS2_000e", "migrationStage":"NotStarted", "server":"GENERAL0100002R"}}
{"logTime": "1030/234302", "correlationVector":"h7tqkwheUytG5BF9VUyZwS.2","action":"Commit Response", "result":"Success", "context":Result: Success. cV=h7tqkwheUytG5BF9VUyZwS.0;server=GENERAL0100002R;cloudType=Consumer;environment=Prod_EastUS2_000e;migrationStage=NotStarted}
{"logTime": "1030/234335", "correlationVector":"jADROH7t0uuAvymKPSN6J6","action":"Commit Request", "result":"", "context":Item count: 3
Contributing types: Sessions}
{"logTime": "1030/234335", "correlationVector":"jADROH7t0uuAvymKPSN6J6.1","action":"SyncServerConnectionManagerRequest", "result":"SYNC_SERVER_OK", "context":{"environment":"Prod_EastUS2_000e", "migrationStage":"NotStarted", "server":"GENERAL0100002J"}}
{"logTime": "1030/234335", "correlationVector":"jADROH7t0uuAvymKPSN6J6.3","action":"Commit.Sessions", "result":"Success", "context":{"id":"65816310-f705-451b-b4a9-ac63ae3a0699", "isDeleted":"true", "size":"0", "version":"1730331782612"}}
{"logTime": "1030/234335", "correlationVector":"jADROH7t0uuAvymKPSN6J6.2","action":"Commit Response", "result":"Success", "context":Result: Success. cV=jADROH7t0uuAvymKPSN6J6.0;server=GENERAL0100002J;cloudType=Consumer;environment=Prod_EastUS2_000e;migrationStage=NotStarted}
{"logTime": "1030/234448", "correlationVector":"S7l/yGZk2PQt0REuhcZYZa","action":"Commit Request", "result":"", "context":Item count: 2
Contributing types: Sessions}
{"logTime": "1030/234448", "correlationVector":"S7l/yGZk2PQt0REuhcZYZa.1","action":"SyncServerConnectionManagerRequest", "result":"SYNC_SERVER_OK", "context":{"environment":"Prod_EastUS2_000e", "migrationStage":"NotStarted", "server":"GENERAL0100000P"}}
{"logTime": "1030/234448", "correlationVector":"S7l/yGZk2PQt0REuhcZYZa.2","action":"Commit Response", "result":"Success", "context":Result: Success. cV=S7l/yGZk2PQt0REuhcZYZa.0;server=GENERAL0100000P;cloudType=Consumer;environment=Prod_EastUS2_000e;migrationStage=NotStarted}
{"logTime": "1030/234708", "correlationVector":"5n3yDHffQeqUmlVDd54yww","action":"Normal GetUpdate request", "result":"", "context":cV=5n3yDHffQeqUmlVDd54yww
Nudged types: Sessions, Device Info
Refresh requested types: Bookmarks, Preferences, Passwords, Autofill Profiles, Autofill, Typed URLs, Extensions, Sessions, Extension settings, History Delete Directives, Device Info, User Consents, Send Tab To Self, Web Apps, Collection, Edge E Drop, Edge Hub App Usage, Edge Tab Group, Edge Wallet, Encryption Keys}
{"logTime": "1030/234708", "correlationVector":"5n3yDHffQeqUmlVDd54yww.1","action":"SyncServerConnectionManagerRequest", "result":"SYNC_SERVER_OK", "context":{"environment":"Prod_EastUS2_000e", "migrationStage":"NotStarted", "server":"GENERAL01000019"}}
{"logTime": "1030/234708", "correlationVector":"5n3yDHffQeqUmlVDd54yww.2","action":"GetUpdates", "result":"DeleteReceived", "context":{"id":"35d97bc4-6c68-42cb-8482-05b815354bf6", "isDeleted:":"true", "version":"1730331053287"}}
{"logTime": "1030/234708", "correlationVector":"5n3yDHffQeqUmlVDd54yww.3","action":"GetUpdates", "result":"DeleteReceived", "context":{"id":"711bb48c-22e6-4176-9b50-81edbf518411", "isDeleted:":"true", "version":"1730331053288"}}
{"logTime": "1030/234708", "correlationVector":"5n3yDHffQeqUmlVDd54yww.4","action":"GetUpdates", "result":"DeleteReceived", "context":{"id":"f4f15d17-dd4a-4143-9f11-4a0d634bbef4", "isDeleted:":"true", "version":"1730331053289"}}
{"logTime": "1030/234708", "correlationVector":"5n3yDHffQeqUmlVDd54yww.5","action":"GetUpdates", "result":"DeleteReceived", "context":{"id":"54625f28-6354-403a-bfef-81f390e1c063", "isDeleted:":"true", "version":"1730331217044"}}
{"logTime": "1030/234708", "correlationVector":"5n3yDHffQeqUmlVDd54yww.6","action":"GetUpdates", "result":"DeleteReceived", "context":{"id":"63d9b861-96ee-4719-aa1a-c3bf5b0159c2", "isDeleted:":"true", "version":"1730331248257"}}
{"logTime": "1030/234708", "correlationVector":"5n3yDHffQeqUmlVDd54yww.7","action":"GetUpdates", "result":"DeleteReceived", "context":{"id":"0e547a52-a8d1-45a5-bc8a-f260aaa4613b", "isDeleted:":"true", "version":"1730331464833"}}
{"logTime": "1030/234708", "correlationVector":"5n3yDHffQeqUmlVDd54yww.8","action":"GetUpdates", "result":"DeleteReceived", "context":{"id":"65816310-f705-451b-b4a9-ac63ae3a0699", "isDeleted:":"true", "version":"1730331815598"}}
{"logTime": "1030/234708", "correlationVector":"5n3yDHffQeqUmlVDd54yww.9","action":"GetUpdates Response", "result":"Success", "context":Received 17 update(s). cV=5n3yDHffQeqUmlVDd54yww.0;server=GENERAL01000019;cloudType=Consumer;environment=Prod_EastUS2_000e;migrationStage=NotStarted}
{"logTime": "1030/234708", "correlationVector":"97IjSd1u496l94RrVrjGro","action":"Commit Request", "result":"", "context":Item count: 8
Contributing types: Sessions, Device Info}
{"logTime": "1030/234709", "correlationVector":"97IjSd1u496l94RrVrjGro.1","action":"SyncServerConnectionManagerRequest", "result":"SYNC_SERVER_OK", "context":{"environment":"Prod_EastUS2_000e", "migrationStage":"NotStarted", "server":"GENERAL0100000Q"}}
{"logTime": "1030/234709", "correlationVector":"97IjSd1u496l94RrVrjGro.2","action":"Commit Response", "result":"Success", "context":Result: Success. cV=97IjSd1u496l94RrVrjGro.0;server=GENERAL0100000Q;cloudType=Consumer;environment=Prod_EastUS2_000e;migrationStage=NotStarted}
{"logTime": "1030/234740", "correlationVector":"7MFnI5eAmRprA3da0kpwl+","action":"Commit Request", "result":"", "context":Item count: 6
Contributing types: Sessions}
{"logTime": "1030/234740", "correlationVector":"7MFnI5eAmRprA3da0kpwl+.1","action":"SyncServerConnectionManagerRequest", "result":"SYNC_SERVER_OK", "context":{"environment":"Prod_EastUS2_000e", "migrationStage":"NotStarted", "server":"GENERAL01000023"}}
{"logTime": "1030/234740", "correlationVector":"7MFnI5eAmRprA3da0kpwl+.2","action":"Commit Response", "result":"Success", "context":Result: Success. cV=7MFnI5eAmRprA3da0kpwl+.0;server=GENERAL01000023;cloudType=Consumer;environment=Prod_EastUS2_000e;migrationStage=NotStarted}
